         

    ██╗    ██╗███████╗██████╗ ███████╗    ██████╗     ██████╗ 
    ██║    ██║██╔════╝██╔══██╗██╔════╝    ╚════██╗   ██╔═████╗
    ██║ █╗ ██║█████╗  ██████╔╝███████╗     █████╔╝   ██║██╔██║
    ██║███╗██║██╔══╝  ██╔══██╗╚════██║    ██╔═══╝    ████╔╝██║
    ╚███╔███╔╝███████╗██████╔╝███████║    ███████╗██╗╚██████╔╝
    ╚══╝╚══╝ ╚══════╝╚═════╝ ╚══════╝    ╚══════╝╚═╝ ╚═════╝ 
                                                      
              
                           
[INFO] Started logging for server `localhost:80`...
[INFO] [HTTP] Starting TCP server...
[INFO] [HTTP] Started HTTP Web Server on address 'localhost:80'...
[ACCESS] 127.0.0.1 | HTTP/1.1 301 (GET) /img/projects
[ACCESS] 127.0.0.1 | HTTP/1.1 200 (GET) /img/projects/
[ACCESS] 127.0.0.1 | HTTP/1.1 301 (GET) /img/projects/loginModal
[ACCESS] 127.0.0.1 | HTTP/1.1 200 (GET) /img/projects/loginModal/
[ACCESS] 127.0.0.1 | HTTP/1.1 200 (GET) /img/projects/
[ACCESS] 127.0.0.1 | HTTP/1.1 200 (GET) /img/projects/loginModal/
[ACCESS] 127.0.0.1 | HTTP/1.1 200 (GET) /img/projects/loginModal/1.png
[ACCESS] 127.0.0.1 | HTTP/1.1 200 (GET) /img/projects/
[ACCESS] 127.0.0.1 | HTTP/1.1 200 (GET) /img/
[ACCESS] 127.0.0.1 | HTTP/1.1 200 (GET) /
         

    ██╗    ██╗███████╗██████╗ ███████╗    ██████╗     ██████╗ 
    ██║    ██║██╔════╝██╔══██╗██╔════╝    ╚════██╗   ██╔═████╗
    ██║ █╗ ██║█████╗  ██████╔╝███████╗     █████╔╝   ██║██╔██║
    ██║███╗██║██╔══╝  ██╔══██╗╚════██║    ██╔═══╝    ████╔╝██║
    ╚███╔███╔╝███████╗██████╔╝███████║    ███████╗██╗╚██████╔╝
    ╚══╝╚══╝ ╚══════╝╚═════╝ ╚══════╝    ╚══════╝╚═╝ ╚═════╝ 
                                                      
              
                           
[INFO] Started logging for server `localhost:80`...
[INFO] Starting TCP server...
[INFO] Started HTTP Web Server on address 'localhost:80'...
[ACCESS] 127.0.0.1 | HTTP/1.1 301 (GET) /old
[ACCESS] 127.0.0.1 | HTTP/1.1 200 (GET) /old/
[ACCESS] 127.0.0.1 | HTTP/1.1 200 (GET) /
[ACCESS] 127.0.0.1 | HTTP/1.1 200 (GET) /img/
[ACCESS] 127.0.0.1 | HTTP/1.1 200 (GET) /
[ACCESS] 127.0.0.1 | HTTP/1.1 200 (GET) /contact.html
[ACCESS] 127.0.0.1 | HTTP/1.1 200 (GET) /main.css
[ACCESS] 127.0.0.1 | HTTP/1.1 200 (GET) /img/languages/html.png
[ACCESS] 127.0.0.1 | HTTP/1.1 200 (GET) /img/languages/c_sharp.png
[ACCESS] 127.0.0.1 | HTTP/1.1 200 (GET) /img/languages/java.png
[ACCESS] 127.0.0.1 | HTTP/1.1 200 (GET) /img/languages/css.png
[ACCESS] 127.0.0.1 | HTTP/1.1 200 (GET) /img/languages/python.png
[ACCESS] 127.0.0.1 | HTTP/1.1 404 (GET) /index.html
[ACCESS] 127.0.0.1 | HTTP/1.1 200 (GET) /about.html
[ACCESS] 127.0.0.1 | HTTP/1.1 200 (GET) /main.css
[ACCESS] 127.0.0.1 | HTTP/1.1 200 (GET) /img/projects/loginModal/1.png
[ACCESS] 127.0.0.1 | HTTP/1.1 200 (GET) /projects.html
[ACCESS] 127.0.0.1 | HTTP/1.1 200 (GET) /projects.css
[ACCESS] 127.0.0.1 | HTTP/1.1 200 (GET) /main.css
[ACCESS] 127.0.0.1 | HTTP/1.1 404 (GET) /img/projects/zombieGame/a.jpg
[ACCESS] 127.0.0.1 | HTTP/1.1 200 (GET) /scripts/main.js
[ACCESS] 127.0.0.1 | HTTP/1.1 200 (GET) /img/shapeCalculator.png
[ACCESS] 127.0.0.1 | HTTP/1.1 200 (GET) /projects.html
[ACCESS] 127.0.0.1 | HTTP/1.1 200 (GET) /img/projects/loginModal/1.png
[ACCESS] 127.0.0.1 | HTTP/1.1 200 (GET) /login.php
[ACCESS] 127.0.0.1 | HTTP/1.1 404 (GET) /index.html
[ACCESS] 127.0.0.1 | HTTP/1.1 200 (GET) /
[ACCESS] 127.0.0.1 | HTTP/1.1 200 (GET) /img/
[ACCESS] 127.0.0.1 | HTTP/1.1 200 (GET) /
         

    ██╗    ██╗███████╗██████╗ ███████╗    ██████╗     ██████╗ 
    ██║    ██║██╔════╝██╔══██╗██╔════╝    ╚════██╗   ██╔═████╗
    ██║ █╗ ██║█████╗  ██████╔╝███████╗     █████╔╝   ██║██╔██║
    ██║███╗██║██╔══╝  ██╔══██╗╚════██║    ██╔═══╝    ████╔╝██║
    ╚███╔███╔╝███████╗██████╔╝███████║    ███████╗██╗╚██████╔╝
    ╚══╝╚══╝ ╚══════╝╚═════╝ ╚══════╝    ╚══════╝╚═╝ ╚═════╝ 
                                                      
              
                           
[INFO] Started logging for server `localhost:80`...
[INFO] Starting TCP server...
[INFO] Started HTTP Web Server on address 'localhost:80'...
[ACCESS] 127.0.0.1 | HTTP/1.1 200 (GET) /img/
[ACCESS] 127.0.0.1 | HTTP/1.1 200 (GET) /img/projects/
[ACCESS] 127.0.0.1 | HTTP/1.1 200 (GET) /img/projects/loginModal/
[ERROR] 127.0.0.1 | Error while handling request : Traceback (most recent call last):
  File "C:\Users\180688\OneDrive - Boston College\Web server\httpServer.py", line 594, in handle_request
    response = await f(request.getContext())
  File "C:\Users\180688\OneDrive - Boston College\Web server\httpServer.py", line 345, in wrapper
    return func(*args, **kwargs)
  File "C:\Users\180688\OneDrive - Boston College\Web server\main.py", line 25, in serv1
    no()
NameError: name 'no' is not defined

[ACCESS] 127.0.0.1 | HTTP/1.1 500 (GET) /api/server1
[ERROR] 127.0.0.1 | Error while handling request : Traceback (most recent call last):
  File "C:\Users\180688\OneDrive - Boston College\Web server\httpServer.py", line 594, in handle_request
    response = await f(request.getContext())
  File "C:\Users\180688\OneDrive - Boston College\Web server\httpServer.py", line 345, in wrapper
    return func(*args, **kwargs)
  File "C:\Users\180688\OneDrive - Boston College\Web server\main.py", line 25, in serv1
    no()
NameError: name 'no' is not defined

[ACCESS] 127.0.0.1 | HTTP/1.1 500 (GET) /api/server1
[ERROR] 127.0.0.1 | Error while handling request : Traceback (most recent call last):
  File "C:\Users\180688\OneDrive - Boston College\Web server\httpServer.py", line 594, in handle_request
    response = await f(request.getContext())
  File "C:\Users\180688\OneDrive - Boston College\Web server\httpServer.py", line 345, in wrapper
    return func(*args, **kwargs)
  File "C:\Users\180688\OneDrive - Boston College\Web server\main.py", line 25, in serv1
    no()
NameError: name 'no' is not defined

[ACCESS] 127.0.0.1 | HTTP/1.1 500 (GET) /api/server1
[ERROR] 127.0.0.1 | Error while handling request : Traceback (most recent call last):
  File "C:\Users\180688\OneDrive - Boston College\Web server\httpServer.py", line 594, in handle_request
    response = await f(request.getContext())
  File "C:\Users\180688\OneDrive - Boston College\Web server\httpServer.py", line 345, in wrapper
    return func(*args, **kwargs)
  File "C:\Users\180688\OneDrive - Boston College\Web server\main.py", line 25, in serv1
    no()
NameError: name 'no' is not defined

[ACCESS] 127.0.0.1 | HTTP/1.1 500 (GET) /api/server1
[ACCESS] 127.0.0.1 | HTTP/1.1 200 (GET) /
         

    ██╗    ██╗███████╗██████╗ ███████╗    ██████╗     ██████╗ 
    ██║    ██║██╔════╝██╔══██╗██╔════╝    ╚════██╗   ██╔═████╗
    ██║ █╗ ██║█████╗  ██████╔╝███████╗     █████╔╝   ██║██╔██║
    ██║███╗██║██╔══╝  ██╔══██╗╚════██║    ██╔═══╝    ████╔╝██║
    ╚███╔███╔╝███████╗██████╔╝███████║    ███████╗██╗╚██████╔╝
    ╚══╝╚══╝ ╚══════╝╚═════╝ ╚══════╝    ╚══════╝╚═╝ ╚═════╝ 
                                                      
              
                           
[INFO] Started logging for server `localhost:80`...
[INFO] Starting TCP server...
[INFO] Started HTTP Web Server on address 'localhost:80'...
         

    ██╗    ██╗███████╗██████╗ ███████╗    ██████╗     ██████╗ 
    ██║    ██║██╔════╝██╔══██╗██╔════╝    ╚════██╗   ██╔═████╗
    ██║ █╗ ██║█████╗  ██████╔╝███████╗     █████╔╝   ██║██╔██║
    ██║███╗██║██╔══╝  ██╔══██╗╚════██║    ██╔═══╝    ████╔╝██║
    ╚███╔███╔╝███████╗██████╔╝███████║    ███████╗██╗╚██████╔╝
    ╚══╝╚══╝ ╚══════╝╚═════╝ ╚══════╝    ╚══════╝╚═╝ ╚═════╝ 
                                                      
              
                           
[INFO] Started logging for server `localhost:80`...
[INFO] Starting TCP server...
[INFO] Started HTTP Web Server on address 'localhost:80'...
[ACCESS] 127.0.0.1 | HTTP/1.1 200 (GET) /
[ACCESS] 127.0.0.1 | HTTP/1.1 200 (GET) /scripts/
[ACCESS] 127.0.0.1 | HTTP/1.1 200 (GET) /scripts/
[ACCESS] 127.0.0.1 | HTTP/1.1 200 (GET) /scripts/
         

    ██╗    ██╗███████╗██████╗ ███████╗    ██████╗     ██████╗ 
    ██║    ██║██╔════╝██╔══██╗██╔════╝    ╚════██╗   ██╔═████╗
    ██║ █╗ ██║█████╗  ██████╔╝███████╗     █████╔╝   ██║██╔██║
    ██║███╗██║██╔══╝  ██╔══██╗╚════██║    ██╔═══╝    ████╔╝██║
    ╚███╔███╔╝███████╗██████╔╝███████║    ███████╗██╗╚██████╔╝
    ╚══╝╚══╝ ╚══════╝╚═════╝ ╚══════╝    ╚══════╝╚═╝ ╚═════╝ 
                                                      
              
                           
[INFO] Started logging for server `localhost:80`...
[INFO] Starting TCP server...
[INFO] Started HTTP Web Server on address 'localhost:80'...
         

    ██╗    ██╗███████╗██████╗ ███████╗    ██████╗     ██████╗ 
    ██║    ██║██╔════╝██╔══██╗██╔════╝    ╚════██╗   ██╔═████╗
    ██║ █╗ ██║█████╗  ██████╔╝███████╗     █████╔╝   ██║██╔██║
    ██║███╗██║██╔══╝  ██╔══██╗╚════██║    ██╔═══╝    ████╔╝██║
    ╚███╔███╔╝███████╗██████╔╝███████║    ███████╗██╗╚██████╔╝
    ╚══╝╚══╝ ╚══════╝╚═════╝ ╚══════╝    ╚══════╝╚═╝ ╚═════╝ 
                                                      
              
                           
[INFO] Started logging for server `localhost:80`...
[INFO] Starting TCP server...
[INFO] Started HTTP Web Server on address 'localhost:80'...
         

    ██╗    ██╗███████╗██████╗ ███████╗    ██████╗     ██████╗ 
    ██║    ██║██╔════╝██╔══██╗██╔════╝    ╚════██╗   ██╔═████╗
    ██║ █╗ ██║█████╗  ██████╔╝███████╗     █████╔╝   ██║██╔██║
    ██║███╗██║██╔══╝  ██╔══██╗╚════██║    ██╔═══╝    ████╔╝██║
    ╚███╔███╔╝███████╗██████╔╝███████║    ███████╗██╗╚██████╔╝
    ╚══╝╚══╝ ╚══════╝╚═════╝ ╚══════╝    ╚══════╝╚═╝ ╚═════╝ 
                                                      
              
                           
[INFO] Started logging for server `localhost:80`...
[INFO] Starting ControlPanel server...
         

    ██╗    ██╗███████╗██████╗ ███████╗    ██████╗     ██████╗ 
    ██║    ██║██╔════╝██╔══██╗██╔════╝    ╚════██╗   ██╔═████╗
    ██║ █╗ ██║█████╗  ██████╔╝███████╗     █████╔╝   ██║██╔██║
    ██║███╗██║██╔══╝  ██╔══██╗╚════██║    ██╔═══╝    ████╔╝██║
    ╚███╔███╔╝███████╗██████╔╝███████║    ███████╗██╗╚██████╔╝
    ╚══╝╚══╝ ╚══════╝╚═════╝ ╚══════╝    ╚══════╝╚═╝ ╚═════╝ 
                                                      
              
                           
[INFO] Started logging for server `localhost:80`...
         

    ██╗    ██╗███████╗██████╗ ███████╗    ██████╗     ██████╗ 
    ██║    ██║██╔════╝██╔══██╗██╔════╝    ╚════██╗   ██╔═████╗
    ██║ █╗ ██║█████╗  ██████╔╝███████╗     █████╔╝   ██║██╔██║
    ██║███╗██║██╔══╝  ██╔══██╗╚════██║    ██╔═══╝    ████╔╝██║
    ╚███╔███╔╝███████╗██████╔╝███████║    ███████╗██╗╚██████╔╝
    ╚══╝╚══╝ ╚══════╝╚═════╝ ╚══════╝    ╚══════╝╚═╝ ╚═════╝ 
                                                      
              
                           
[INFO] Started logging for server `localhost:80`...
         

    ██╗    ██╗███████╗██████╗ ███████╗    ██████╗     ██████╗ 
    ██║    ██║██╔════╝██╔══██╗██╔════╝    ╚════██╗   ██╔═████╗
    ██║ █╗ ██║█████╗  ██████╔╝███████╗     █████╔╝   ██║██╔██║
    ██║███╗██║██╔══╝  ██╔══██╗╚════██║    ██╔═══╝    ████╔╝██║
    ╚███╔███╔╝███████╗██████╔╝███████║    ███████╗██╗╚██████╔╝
    ╚══╝╚══╝ ╚══════╝╚═════╝ ╚══════╝    ╚══════╝╚═╝ ╚═════╝ 
                                                      
              
                           
[INFO] Started logging for server `localhost:80`...
[INFO] Starting ControlPanel server...
         

    ██╗    ██╗███████╗██████╗ ███████╗    ██████╗     ██████╗ 
    ██║    ██║██╔════╝██╔══██╗██╔════╝    ╚════██╗   ██╔═████╗
    ██║ █╗ ██║█████╗  ██████╔╝███████╗     █████╔╝   ██║██╔██║
    ██║███╗██║██╔══╝  ██╔══██╗╚════██║    ██╔═══╝    ████╔╝██║
    ╚███╔███╔╝███████╗██████╔╝███████║    ███████╗██╗╚██████╔╝
    ╚══╝╚══╝ ╚══════╝╚═════╝ ╚══════╝    ╚══════╝╚═╝ ╚═════╝ 
                                                      
              
                           
[INFO] Started logging for server `localhost:80`...
[INFO] Starting ControlPanel server...
         

    ██╗    ██╗███████╗██████╗ ███████╗    ██████╗     ██████╗ 
    ██║    ██║██╔════╝██╔══██╗██╔════╝    ╚════██╗   ██╔═████╗
    ██║ █╗ ██║█████╗  ██████╔╝███████╗     █████╔╝   ██║██╔██║
    ██║███╗██║██╔══╝  ██╔══██╗╚════██║    ██╔═══╝    ████╔╝██║
    ╚███╔███╔╝███████╗██████╔╝███████║    ███████╗██╗╚██████╔╝
    ╚══╝╚══╝ ╚══════╝╚═════╝ ╚══════╝    ╚══════╝╚═╝ ╚═════╝ 
                                                      
              
                           
[INFO] Started logging for server `localhost:80`...
[INFO] Starting ControlPanel server...
         

    ██╗    ██╗███████╗██████╗ ███████╗    ██████╗     ██████╗ 
    ██║    ██║██╔════╝██╔══██╗██╔════╝    ╚════██╗   ██╔═████╗
    ██║ █╗ ██║█████╗  ██████╔╝███████╗     █████╔╝   ██║██╔██║
    ██║███╗██║██╔══╝  ██╔══██╗╚════██║    ██╔═══╝    ████╔╝██║
    ╚███╔███╔╝███████╗██████╔╝███████║    ███████╗██╗╚██████╔╝
    ╚══╝╚══╝ ╚══════╝╚═════╝ ╚══════╝    ╚══════╝╚═╝ ╚═════╝ 
                                                      
              
                           
[INFO] Started logging for server `localhost:80`...
         

    ██╗    ██╗███████╗██████╗ ███████╗    ██████╗     ██████╗ 
    ██║    ██║██╔════╝██╔══██╗██╔════╝    ╚════██╗   ██╔═████╗
    ██║ █╗ ██║█████╗  ██████╔╝███████╗     █████╔╝   ██║██╔██║
    ██║███╗██║██╔══╝  ██╔══██╗╚════██║    ██╔═══╝    ████╔╝██║
    ╚███╔███╔╝███████╗██████╔╝███████║    ███████╗██╗╚██████╔╝
    ╚══╝╚══╝ ╚══════╝╚═════╝ ╚══════╝    ╚══════╝╚═╝ ╚═════╝ 
                                                      
              
                           
[INFO] Started logging for server `localhost:80`...
         

    ██╗    ██╗███████╗██████╗ ███████╗    ██████╗     ██████╗ 
    ██║    ██║██╔════╝██╔══██╗██╔════╝    ╚════██╗   ██╔═████╗
    ██║ █╗ ██║█████╗  ██████╔╝███████╗     █████╔╝   ██║██╔██║
    ██║███╗██║██╔══╝  ██╔══██╗╚════██║    ██╔═══╝    ████╔╝██║
    ╚███╔███╔╝███████╗██████╔╝███████║    ███████╗██╗╚██████╔╝
    ╚══╝╚══╝ ╚══════╝╚═════╝ ╚══════╝    ╚══════╝╚═╝ ╚═════╝ 
                                                      
              
                           
[INFO] Started logging for server `localhost:80`...
[INFO] Starting TCP server...
[INFO] Started HTTP Web Server on address 'localhost:80'...
[ACCESS] 127.0.0.1 | HTTP/1.1 200 (GET) /
[ACCESS] 127.0.0.1 | HTTP/1.1 404 (GET) /favicon.ico
[ACCESS] 127.0.0.1 | HTTP/1.1 301 (GET) /img
[ACCESS] 127.0.0.1 | HTTP/1.1 200 (GET) /img/
[ACCESS] 127.0.0.1 | HTTP/1.1 301 (GET) /img/languages
[ACCESS] 127.0.0.1 | HTTP/1.1 200 (GET) /img/languages/
         

    ██╗    ██╗███████╗██████╗ ███████╗    ██████╗     ██████╗ 
    ██║    ██║██╔════╝██╔══██╗██╔════╝    ╚════██╗   ██╔═████╗
    ██║ █╗ ██║█████╗  ██████╔╝███████╗     █████╔╝   ██║██╔██║
    ██║███╗██║██╔══╝  ██╔══██╗╚════██║    ██╔═══╝    ████╔╝██║
    ╚███╔███╔╝███████╗██████╔╝███████║    ███████╗██╗╚██████╔╝
    ╚══╝╚══╝ ╚══════╝╚═════╝ ╚══════╝    ╚══════╝╚═╝ ╚═════╝ 
                                                      
              
                           
[INFO] Started logging for server `localhost:80`...
[INFO] Starting TCP server...
[INFO] Started HTTP Web Server on address 'localhost:80'...
         

    ██╗    ██╗███████╗██████╗ ███████╗    ██████╗     ██████╗ 
    ██║    ██║██╔════╝██╔══██╗██╔════╝    ╚════██╗   ██╔═████╗
    ██║ █╗ ██║█████╗  ██████╔╝███████╗     █████╔╝   ██║██╔██║
    ██║███╗██║██╔══╝  ██╔══██╗╚════██║    ██╔═══╝    ████╔╝██║
    ╚███╔███╔╝███████╗██████╔╝███████║    ███████╗██╗╚██████╔╝
    ╚══╝╚══╝ ╚══════╝╚═════╝ ╚══════╝    ╚══════╝╚═╝ ╚═════╝ 
                                                      
              
                           
[INFO] Started logging for server `localhost:80`...
[INFO] Starting TCP server...
[INFO] Started HTTP Web Server on address 'localhost:80'...
         

    ██╗    ██╗███████╗██████╗ ███████╗    ██████╗     ██████╗ 
    ██║    ██║██╔════╝██╔══██╗██╔════╝    ╚════██╗   ██╔═████╗
    ██║ █╗ ██║█████╗  ██████╔╝███████╗     █████╔╝   ██║██╔██║
    ██║███╗██║██╔══╝  ██╔══██╗╚════██║    ██╔═══╝    ████╔╝██║
    ╚███╔███╔╝███████╗██████╔╝███████║    ███████╗██╗╚██████╔╝
    ╚══╝╚══╝ ╚══════╝╚═════╝ ╚══════╝    ╚══════╝╚═╝ ╚═════╝ 
                                                      
              
                           
[INFO] Started logging for server `localhost:80`...
[INFO] Starting TCP server...
[INFO] Started HTTP Web Server on address 'localhost:80'...
         

    ██╗    ██╗███████╗██████╗ ███████╗    ██████╗     ██████╗ 
    ██║    ██║██╔════╝██╔══██╗██╔════╝    ╚════██╗   ██╔═████╗
    ██║ █╗ ██║█████╗  ██████╔╝███████╗     █████╔╝   ██║██╔██║
    ██║███╗██║██╔══╝  ██╔══██╗╚════██║    ██╔═══╝    ████╔╝██║
    ╚███╔███╔╝███████╗██████╔╝███████║    ███████╗██╗╚██████╔╝
    ╚══╝╚══╝ ╚══════╝╚═════╝ ╚══════╝    ╚══════╝╚═╝ ╚═════╝ 
                                                      
              
                           
[INFO] Started logging for server `localhost:80`...
[INFO] Starting TCP server...
[INFO] Started HTTP Web Server on address 'localhost:80'...
[ACCESS] 127.0.0.1 | HTTP/1.1 200 (GET) /
         

    ██╗    ██╗███████╗██████╗ ███████╗    ██████╗     ██████╗ 
    ██║    ██║██╔════╝██╔══██╗██╔════╝    ╚════██╗   ██╔═████╗
    ██║ █╗ ██║█████╗  ██████╔╝███████╗     █████╔╝   ██║██╔██║
    ██║███╗██║██╔══╝  ██╔══██╗╚════██║    ██╔═══╝    ████╔╝██║
    ╚███╔███╔╝███████╗██████╔╝███████║    ███████╗██╗╚██████╔╝
    ╚══╝╚══╝ ╚══════╝╚═════╝ ╚══════╝    ╚══════╝╚═╝ ╚═════╝ 
                                                      
              
                           
[INFO] Started logging for server `localhost:80`...
         

    ██╗    ██╗███████╗██████╗ ███████╗    ██████╗     ██████╗ 
    ██║    ██║██╔════╝██╔══██╗██╔════╝    ╚════██╗   ██╔═████╗
    ██║ █╗ ██║█████╗  ██████╔╝███████╗     █████╔╝   ██║██╔██║
    ██║███╗██║██╔══╝  ██╔══██╗╚════██║    ██╔═══╝    ████╔╝██║
    ╚███╔███╔╝███████╗██████╔╝███████║    ███████╗██╗╚██████╔╝
    ╚══╝╚══╝ ╚══════╝╚═════╝ ╚══════╝    ╚══════╝╚═╝ ╚═════╝ 
                                                      
              
                           
[INFO] Started logging for server `localhost:80`...
[INFO] Starting TCP server...
[INFO] Started HTTP Web Server on address 'localhost:80'...
         

    ██╗    ██╗███████╗██████╗ ███████╗    ██████╗     ██████╗ 
    ██║    ██║██╔════╝██╔══██╗██╔════╝    ╚════██╗   ██╔═████╗
    ██║ █╗ ██║█████╗  ██████╔╝███████╗     █████╔╝   ██║██╔██║
    ██║███╗██║██╔══╝  ██╔══██╗╚════██║    ██╔═══╝    ████╔╝██║
    ╚███╔███╔╝███████╗██████╔╝███████║    ███████╗██╗╚██████╔╝
    ╚══╝╚══╝ ╚══════╝╚═════╝ ╚══════╝    ╚══════╝╚═╝ ╚═════╝ 
                                                      
              
                           
[INFO] Started logging for server `localhost:80`...
[INFO] Starting TCP server...
[INFO] Started HTTP Web Server on address 'localhost:80'...
         

    ██╗    ██╗███████╗██████╗ ███████╗    ██████╗     ██████╗ 
    ██║    ██║██╔════╝██╔══██╗██╔════╝    ╚════██╗   ██╔═████╗
    ██║ █╗ ██║█████╗  ██████╔╝███████╗     █████╔╝   ██║██╔██║
    ██║███╗██║██╔══╝  ██╔══██╗╚════██║    ██╔═══╝    ████╔╝██║
    ╚███╔███╔╝███████╗██████╔╝███████║    ███████╗██╗╚██████╔╝
    ╚══╝╚══╝ ╚══════╝╚═════╝ ╚══════╝    ╚══════╝╚═╝ ╚═════╝ 
                                                      
              
                           
[INFO] Started logging for server `localhost:80`...
[INFO] Starting TCP server...
[INFO] Started HTTP Web Server on address 'localhost:80'...
         

    ██╗    ██╗███████╗██████╗ ███████╗    ██████╗     ██████╗ 
    ██║    ██║██╔════╝██╔══██╗██╔════╝    ╚════██╗   ██╔═████╗
    ██║ █╗ ██║█████╗  ██████╔╝███████╗     █████╔╝   ██║██╔██║
    ██║███╗██║██╔══╝  ██╔══██╗╚════██║    ██╔═══╝    ████╔╝██║
    ╚███╔███╔╝███████╗██████╔╝███████║    ███████╗██╗╚██████╔╝
    ╚══╝╚══╝ ╚══════╝╚═════╝ ╚══════╝    ╚══════╝╚═╝ ╚═════╝ 
                                                      
              
                           
[INFO] Started logging for server `localhost:80`...
[INFO] Starting TCP server...
[INFO] Started HTTP Web Server on address 'localhost:80'...
         

    ██╗    ██╗███████╗██████╗ ███████╗    ██████╗     ██████╗ 
    ██║    ██║██╔════╝██╔══██╗██╔════╝    ╚════██╗   ██╔═████╗
    ██║ █╗ ██║█████╗  ██████╔╝███████╗     █████╔╝   ██║██╔██║
    ██║███╗██║██╔══╝  ██╔══██╗╚════██║    ██╔═══╝    ████╔╝██║
    ╚███╔███╔╝███████╗██████╔╝███████║    ███████╗██╗╚██████╔╝
    ╚══╝╚══╝ ╚══════╝╚═════╝ ╚══════╝    ╚══════╝╚═╝ ╚═════╝ 
                                                      
              
                           
[INFO] Started logging for server `localhost:80`...
[INFO] Starting TCP server...
[INFO] Started HTTP Web Server on address 'localhost:80'...
         

    ██╗    ██╗███████╗██████╗ ███████╗    ██████╗     ██████╗ 
    ██║    ██║██╔════╝██╔══██╗██╔════╝    ╚════██╗   ██╔═████╗
    ██║ █╗ ██║█████╗  ██████╔╝███████╗     █████╔╝   ██║██╔██║
    ██║███╗██║██╔══╝  ██╔══██╗╚════██║    ██╔═══╝    ████╔╝██║
    ╚███╔███╔╝███████╗██████╔╝███████║    ███████╗██╗╚██████╔╝
    ╚══╝╚══╝ ╚══════╝╚═════╝ ╚══════╝    ╚══════╝╚═╝ ╚═════╝ 
                                                      
              
                           
[INFO] Started logging for server `localhost:80`...
[INFO] Starting TCP server...
[INFO] Started HTTP Web Server on address 'localhost:80'...
         

    ██╗    ██╗███████╗██████╗ ███████╗    ██████╗     ██████╗ 
    ██║    ██║██╔════╝██╔══██╗██╔════╝    ╚════██╗   ██╔═████╗
    ██║ █╗ ██║█████╗  ██████╔╝███████╗     █████╔╝   ██║██╔██║
    ██║███╗██║██╔══╝  ██╔══██╗╚════██║    ██╔═══╝    ████╔╝██║
    ╚███╔███╔╝███████╗██████╔╝███████║    ███████╗██╗╚██████╔╝
    ╚══╝╚══╝ ╚══════╝╚═════╝ ╚══════╝    ╚══════╝╚═╝ ╚═════╝ 
                                                      
              
                           
[INFO] Started logging for server `localhost:80`...
[INFO] Starting TCP server...
[INFO] Started HTTP Web Server on address 'localhost:80'...
         

    ██╗    ██╗███████╗██████╗ ███████╗    ██████╗     ██████╗ 
    ██║    ██║██╔════╝██╔══██╗██╔════╝    ╚════██╗   ██╔═████╗
    ██║ █╗ ██║█████╗  ██████╔╝███████╗     █████╔╝   ██║██╔██║
    ██║███╗██║██╔══╝  ██╔══██╗╚════██║    ██╔═══╝    ████╔╝██║
    ╚███╔███╔╝███████╗██████╔╝███████║    ███████╗██╗╚██████╔╝
    ╚══╝╚══╝ ╚══════╝╚═════╝ ╚══════╝    ╚══════╝╚═╝ ╚═════╝ 
                                                      
              
                           
[INFO] Started logging for server `localhost:80`...
[INFO] Starting TCP server...
[INFO] Started HTTP Web Server on address 'localhost:80'...
         

    ██╗    ██╗███████╗██████╗ ███████╗    ██████╗     ██████╗ 
    ██║    ██║██╔════╝██╔══██╗██╔════╝    ╚════██╗   ██╔═████╗
    ██║ █╗ ██║█████╗  ██████╔╝███████╗     █████╔╝   ██║██╔██║
    ██║███╗██║██╔══╝  ██╔══██╗╚════██║    ██╔═══╝    ████╔╝██║
    ╚███╔███╔╝███████╗██████╔╝███████║    ███████╗██╗╚██████╔╝
    ╚══╝╚══╝ ╚══════╝╚═════╝ ╚══════╝    ╚══════╝╚═╝ ╚═════╝ 
                                                      
              
                           
[INFO] Started logging for server `localhost:80`...
[INFO] Starting TCP server...
[INFO] Started HTTP Web Server on address 'localhost:80'...
         

    ██╗    ██╗███████╗██████╗ ███████╗    ██████╗     ██████╗ 
    ██║    ██║██╔════╝██╔══██╗██╔════╝    ╚════██╗   ██╔═████╗
    ██║ █╗ ██║█████╗  ██████╔╝███████╗     █████╔╝   ██║██╔██║
    ██║███╗██║██╔══╝  ██╔══██╗╚════██║    ██╔═══╝    ████╔╝██║
    ╚███╔███╔╝███████╗██████╔╝███████║    ███████╗██╗╚██████╔╝
    ╚══╝╚══╝ ╚══════╝╚═════╝ ╚══════╝    ╚══════╝╚═╝ ╚═════╝ 
                                                      
              
                           
[INFO] Started logging for server `localhost:80`...
[INFO] Starting TCP server...
[INFO] Started HTTP Web Server on address 'localhost:80'...
         

    ██╗    ██╗███████╗██████╗ ███████╗    ██████╗     ██████╗ 
    ██║    ██║██╔════╝██╔══██╗██╔════╝    ╚════██╗   ██╔═████╗
    ██║ █╗ ██║█████╗  ██████╔╝███████╗     █████╔╝   ██║██╔██║
    ██║███╗██║██╔══╝  ██╔══██╗╚════██║    ██╔═══╝    ████╔╝██║
    ╚███╔███╔╝███████╗██████╔╝███████║    ███████╗██╗╚██████╔╝
    ╚══╝╚══╝ ╚══════╝╚═════╝ ╚══════╝    ╚══════╝╚═╝ ╚═════╝ 
                                                      
              
                           
[INFO] Started logging for server `localhost:80`...
[INFO] Starting TCP server...
[INFO] Started HTTP Web Server on address 'localhost:80'...
[ACCESS] 127.0.0.1 | HTTP/1.1 200 (GET) /
[ACCESS] 127.0.0.1 | HTTP/1.1 404 (GET) /favicon.ico
[ACCESS] 127.0.0.1 | HTTP/1.1 301 (GET) /old
[ACCESS] 127.0.0.1 | HTTP/1.1 200 (GET) /old/
[ACCESS] 127.0.0.1 | HTTP/1.1 200 (GET) /
[ACCESS] 127.0.0.1 | HTTP/1.1 301 (GET) /img
[ACCESS] 127.0.0.1 | HTTP/1.1 200 (GET) /img/
[ACCESS] 127.0.0.1 | HTTP/1.1 301 (GET) /img/languages
[ACCESS] 127.0.0.1 | HTTP/1.1 200 (GET) /img/languages/
[ACCESS] 127.0.0.1 | HTTP/1.1 200 (GET) /img/languages/css.png
[ACCESS] 127.0.0.1 | HTTP/1.1 200 (GET) /img/languages/css.png
[ACCESS] 127.0.0.1 | HTTP/1.1 200 (GET) /img/
[ACCESS] 127.0.0.1 | HTTP/1.1 200 (GET) /
         

    ██╗    ██╗███████╗██████╗ ███████╗    ██████╗     ██████╗ 
    ██║    ██║██╔════╝██╔══██╗██╔════╝    ╚════██╗   ██╔═████╗
    ██║ █╗ ██║█████╗  ██████╔╝███████╗     █████╔╝   ██║██╔██║
    ██║███╗██║██╔══╝  ██╔══██╗╚════██║    ██╔═══╝    ████╔╝██║
    ╚███╔███╔╝███████╗██████╔╝███████║    ███████╗██╗╚██████╔╝
    ╚══╝╚══╝ ╚══════╝╚═════╝ ╚══════╝    ╚══════╝╚═╝ ╚═════╝ 
                                                      
              
                           
[INFO] Started logging for server `localhost:80`...
[INFO] Starting TCP server...
[INFO] Started HTTP Web Server on address 'localhost:80'...
[ACCESS] 127.0.0.1 | HTTP/1.1 200 (GET) /
[ACCESS] 127.0.0.1 | HTTP/1.1 200 (GET) /
[ACCESS] 127.0.0.1 | HTTP/1.1 200 (GET) /
         

    ██╗    ██╗███████╗██████╗ ███████╗    ██████╗     ██████╗ 
    ██║    ██║██╔════╝██╔══██╗██╔════╝    ╚════██╗   ██╔═████╗
    ██║ █╗ ██║█████╗  ██████╔╝███████╗     █████╔╝   ██║██╔██║
    ██║███╗██║██╔══╝  ██╔══██╗╚════██║    ██╔═══╝    ████╔╝██║
    ╚███╔███╔╝███████╗██████╔╝███████║    ███████╗██╗╚██████╔╝
    ╚══╝╚══╝ ╚══════╝╚═════╝ ╚══════╝    ╚══════╝╚═╝ ╚═════╝ 
                                                      
              
                           
[INFO] Started logging for server `localhost:80`...
[INFO] Starting TCP server...
[INFO] Started HTTP Web Server on address 'localhost:80'...
         

    ██╗    ██╗███████╗██████╗ ███████╗    ██████╗     ██████╗ 
    ██║    ██║██╔════╝██╔══██╗██╔════╝    ╚════██╗   ██╔═████╗
    ██║ █╗ ██║█████╗  ██████╔╝███████╗     █████╔╝   ██║██╔██║
    ██║███╗██║██╔══╝  ██╔══██╗╚════██║    ██╔═══╝    ████╔╝██║
    ╚███╔███╔╝███████╗██████╔╝███████║    ███████╗██╗╚██████╔╝
    ╚══╝╚══╝ ╚══════╝╚═════╝ ╚══════╝    ╚══════╝╚═╝ ╚═════╝ 
                                                      
              
                           
[INFO] Started logging for server `localhost:80`...
[INFO] Starting TCP server...
[INFO] Started HTTP Web Server on address 'localhost:80'...
         

    ██╗    ██╗███████╗██████╗ ███████╗    ██████╗     ██████╗ 
    ██║    ██║██╔════╝██╔══██╗██╔════╝    ╚════██╗   ██╔═████╗
    ██║ █╗ ██║█████╗  ██████╔╝███████╗     █████╔╝   ██║██╔██║
    ██║███╗██║██╔══╝  ██╔══██╗╚════██║    ██╔═══╝    ████╔╝██║
    ╚███╔███╔╝███████╗██████╔╝███████║    ███████╗██╗╚██████╔╝
    ╚══╝╚══╝ ╚══════╝╚═════╝ ╚══════╝    ╚══════╝╚═╝ ╚═════╝ 
                                                      
              
                           
[INFO] Started logging for server `localhost:80`...
[INFO] Starting TCP server...
[INFO] Started HTTP Web Server on address 'localhost:80'...
         

    ██╗    ██╗███████╗██████╗ ███████╗    ██████╗     ██████╗ 
    ██║    ██║██╔════╝██╔══██╗██╔════╝    ╚════██╗   ██╔═████╗
    ██║ █╗ ██║█████╗  ██████╔╝███████╗     █████╔╝   ██║██╔██║
    ██║███╗██║██╔══╝  ██╔══██╗╚════██║    ██╔═══╝    ████╔╝██║
    ╚███╔███╔╝███████╗██████╔╝███████║    ███████╗██╗╚██████╔╝
    ╚══╝╚══╝ ╚══════╝╚═════╝ ╚══════╝    ╚══════╝╚═╝ ╚═════╝ 
                                                      
              
                           
[INFO] Started logging for server `localhost:80`...
[INFO] Starting TCP server...
[INFO] Started HTTP Web Server on address 'localhost:80'...
         

    ██╗    ██╗███████╗██████╗ ███████╗    ██████╗     ██████╗ 
    ██║    ██║██╔════╝██╔══██╗██╔════╝    ╚════██╗   ██╔═████╗
    ██║ █╗ ██║█████╗  ██████╔╝███████╗     █████╔╝   ██║██╔██║
    ██║███╗██║██╔══╝  ██╔══██╗╚════██║    ██╔═══╝    ████╔╝██║
    ╚███╔███╔╝███████╗██████╔╝███████║    ███████╗██╗╚██████╔╝
    ╚══╝╚══╝ ╚══════╝╚═════╝ ╚══════╝    ╚══════╝╚═╝ ╚═════╝ 
                                                      
              
                           
[INFO] Started logging for server `localhost:80`...
[INFO] Starting TCP server...
[INFO] Started HTTP Web Server on address 'localhost:80'...
         

    ██╗    ██╗███████╗██████╗ ███████╗    ██████╗     ██████╗ 
    ██║    ██║██╔════╝██╔══██╗██╔════╝    ╚════██╗   ██╔═████╗
    ██║ █╗ ██║█████╗  ██████╔╝███████╗     █████╔╝   ██║██╔██║
    ██║███╗██║██╔══╝  ██╔══██╗╚════██║    ██╔═══╝    ████╔╝██║
    ╚███╔███╔╝███████╗██████╔╝███████║    ███████╗██╗╚██████╔╝
    ╚══╝╚══╝ ╚══════╝╚═════╝ ╚══════╝    ╚══════╝╚═╝ ╚═════╝ 
                                                      
              
                           
[INFO] Started logging for server `localhost:80`...
[INFO] Starting TCP server...
[INFO] Started HTTP Web Server on address 'localhost:80'...
         

    ██╗    ██╗███████╗██████╗ ███████╗    ██████╗     ██████╗ 
    ██║    ██║██╔════╝██╔══██╗██╔════╝    ╚════██╗   ██╔═████╗
    ██║ █╗ ██║█████╗  ██████╔╝███████╗     █████╔╝   ██║██╔██║
    ██║███╗██║██╔══╝  ██╔══██╗╚════██║    ██╔═══╝    ████╔╝██║
    ╚███╔███╔╝███████╗██████╔╝███████║    ███████╗██╗╚██████╔╝
    ╚══╝╚══╝ ╚══════╝╚═════╝ ╚══════╝    ╚══════╝╚═╝ ╚═════╝ 
                                                      
              
                           
[INFO] Started logging for server `localhost:80`...
[INFO] Starting TCP server...
[INFO] Started HTTP Web Server on address 'localhost:80'...
[ACCESS] 127.0.0.1 | HTTP/1.1 404 (GET) /dash
         

    ██╗    ██╗███████╗██████╗ ███████╗    ██████╗     ██████╗ 
    ██║    ██║██╔════╝██╔══██╗██╔════╝    ╚════██╗   ██╔═████╗
    ██║ █╗ ██║█████╗  ██████╔╝███████╗     █████╔╝   ██║██╔██║
    ██║███╗██║██╔══╝  ██╔══██╗╚════██║    ██╔═══╝    ████╔╝██║
    ╚███╔███╔╝███████╗██████╔╝███████║    ███████╗██╗╚██████╔╝
    ╚══╝╚══╝ ╚══════╝╚═════╝ ╚══════╝    ╚══════╝╚═╝ ╚═════╝ 
                                                      
              
                           
[INFO] Started logging for server `localhost:80`...
[INFO] Starting TCP server...
[INFO] Started HTTP Web Server on address 'localhost:80'...
[ACCESS] 127.0.0.1 | HTTP/1.1 200 (GET) /
[ACCESS] 127.0.0.1 | HTTP/1.1 404 (GET) /favicon.ico
[ACCESS] 127.0.0.1 | HTTP/1.1 301 (GET) /img
[ACCESS] 127.0.0.1 | HTTP/1.1 200 (GET) /img/
