         

    ██╗    ██╗███████╗██████╗ ███████╗    ██████╗     ██████╗ 
    ██║    ██║██╔════╝██╔══██╗██╔════╝    ╚════██╗   ██╔═████╗
    ██║ █╗ ██║█████╗  ██████╔╝███████╗     █████╔╝   ██║██╔██║
    ██║███╗██║██╔══╝  ██╔══██╗╚════██║    ██╔═══╝    ████╔╝██║
    ╚███╔███╔╝███████╗██████╔╝███████║    ███████╗██╗╚██████╔╝
    ╚══╝╚══╝ ╚══════╝╚═════╝ ╚══════╝    ╚══════╝╚═╝ ╚═════╝ 
                                                      
              
                           
[INFO] Started logging for server `localhost:2444`...
[INFO] Starting ControlPanel server...
         

    ██╗    ██╗███████╗██████╗ ███████╗    ██████╗     ██████╗ 
    ██║    ██║██╔════╝██╔══██╗██╔════╝    ╚════██╗   ██╔═████╗
    ██║ █╗ ██║█████╗  ██████╔╝███████╗     █████╔╝   ██║██╔██║
    ██║███╗██║██╔══╝  ██╔══██╗╚════██║    ██╔═══╝    ████╔╝██║
    ╚███╔███╔╝███████╗██████╔╝███████║    ███████╗██╗╚██████╔╝
    ╚══╝╚══╝ ╚══════╝╚═════╝ ╚══════╝    ╚══════╝╚═╝ ╚═════╝ 
                                                      
              
                           
[INFO] Started logging for server `localhost:2444`...
[INFO] Starting ControlPanel server...
         

    ██╗    ██╗███████╗██████╗ ███████╗    ██████╗     ██████╗ 
    ██║    ██║██╔════╝██╔══██╗██╔════╝    ╚════██╗   ██╔═████╗
    ██║ █╗ ██║█████╗  ██████╔╝███████╗     █████╔╝   ██║██╔██║
    ██║███╗██║██╔══╝  ██╔══██╗╚════██║    ██╔═══╝    ████╔╝██║
    ╚███╔███╔╝███████╗██████╔╝███████║    ███████╗██╗╚██████╔╝
    ╚══╝╚══╝ ╚══════╝╚═════╝ ╚══════╝    ╚══════╝╚═╝ ╚═════╝ 
                                                      
              
                           
[INFO] Started logging for server `localhost:2444`...
[INFO] Starting ControlPanel server...
         

    ██╗    ██╗███████╗██████╗ ███████╗    ██████╗     ██████╗ 
    ██║    ██║██╔════╝██╔══██╗██╔════╝    ╚════██╗   ██╔═████╗
    ██║ █╗ ██║█████╗  ██████╔╝███████╗     █████╔╝   ██║██╔██║
    ██║███╗██║██╔══╝  ██╔══██╗╚════██║    ██╔═══╝    ████╔╝██║
    ╚███╔███╔╝███████╗██████╔╝███████║    ███████╗██╗╚██████╔╝
    ╚══╝╚══╝ ╚══════╝╚═════╝ ╚══════╝    ╚══════╝╚═╝ ╚═════╝ 
                                                      
              
                           
[INFO] Started logging for server `localhost:2444`...
[INFO] Starting ControlPanel server...
         

    ██╗    ██╗███████╗██████╗ ███████╗    ██████╗     ██████╗ 
    ██║    ██║██╔════╝██╔══██╗██╔════╝    ╚════██╗   ██╔═████╗
    ██║ █╗ ██║█████╗  ██████╔╝███████╗     █████╔╝   ██║██╔██║
    ██║███╗██║██╔══╝  ██╔══██╗╚════██║    ██╔═══╝    ████╔╝██║
    ╚███╔███╔╝███████╗██████╔╝███████║    ███████╗██╗╚██████╔╝
    ╚══╝╚══╝ ╚══════╝╚═════╝ ╚══════╝    ╚══════╝╚═╝ ╚═════╝ 
                                                      
              
                           
[INFO] Started logging for server `localhost:2444`...
[INFO] Starting ControlPanel server...
         

    ██╗    ██╗███████╗██████╗ ███████╗    ██████╗     ██████╗ 
    ██║    ██║██╔════╝██╔══██╗██╔════╝    ╚════██╗   ██╔═████╗
    ██║ █╗ ██║█████╗  ██████╔╝███████╗     █████╔╝   ██║██╔██║
    ██║███╗██║██╔══╝  ██╔══██╗╚════██║    ██╔═══╝    ████╔╝██║
    ╚███╔███╔╝███████╗██████╔╝███████║    ███████╗██╗╚██████╔╝
    ╚══╝╚══╝ ╚══════╝╚═════╝ ╚══════╝    ╚══════╝╚═╝ ╚═════╝ 
                                                      
              
                           
[INFO] Started logging for server `localhost:2444`...
[INFO] Starting ControlPanel server...
         

    ██╗    ██╗███████╗██████╗ ███████╗    ██████╗     ██████╗ 
    ██║    ██║██╔════╝██╔══██╗██╔════╝    ╚════██╗   ██╔═████╗
    ██║ █╗ ██║█████╗  ██████╔╝███████╗     █████╔╝   ██║██╔██║
    ██║███╗██║██╔══╝  ██╔══██╗╚════██║    ██╔═══╝    ████╔╝██║
    ╚███╔███╔╝███████╗██████╔╝███████║    ███████╗██╗╚██████╔╝
    ╚══╝╚══╝ ╚══════╝╚═════╝ ╚══════╝    ╚══════╝╚═╝ ╚═════╝ 
                                                      
              
                           
[INFO] Started logging for server `localhost:2444`...
[INFO] Starting ControlPanel server...
         

    ██╗    ██╗███████╗██████╗ ███████╗    ██████╗     ██████╗ 
    ██║    ██║██╔════╝██╔══██╗██╔════╝    ╚════██╗   ██╔═████╗
    ██║ █╗ ██║█████╗  ██████╔╝███████╗     █████╔╝   ██║██╔██║
    ██║███╗██║██╔══╝  ██╔══██╗╚════██║    ██╔═══╝    ████╔╝██║
    ╚███╔███╔╝███████╗██████╔╝███████║    ███████╗██╗╚██████╔╝
    ╚══╝╚══╝ ╚══════╝╚═════╝ ╚══════╝    ╚══════╝╚═╝ ╚═════╝ 
                                                      
              
                           
[INFO] Started logging for server `localhost:2444`...
[INFO] Starting ControlPanel server...
         

    ██╗    ██╗███████╗██████╗ ███████╗    ██████╗     ██████╗ 
    ██║    ██║██╔════╝██╔══██╗██╔════╝    ╚════██╗   ██╔═████╗
    ██║ █╗ ██║█████╗  ██████╔╝███████╗     █████╔╝   ██║██╔██║
    ██║███╗██║██╔══╝  ██╔══██╗╚════██║    ██╔═══╝    ████╔╝██║
    ╚███╔███╔╝███████╗██████╔╝███████║    ███████╗██╗╚██████╔╝
    ╚══╝╚══╝ ╚══════╝╚═════╝ ╚══════╝    ╚══════╝╚═╝ ╚═════╝ 
                                                      
              
                           
[INFO] Started logging for server `localhost:2444`...
[INFO] Starting ControlPanel server...
         

    ██╗    ██╗███████╗██████╗ ███████╗    ██████╗     ██████╗ 
    ██║    ██║██╔════╝██╔══██╗██╔════╝    ╚════██╗   ██╔═████╗
    ██║ █╗ ██║█████╗  ██████╔╝███████╗     █████╔╝   ██║██╔██║
    ██║███╗██║██╔══╝  ██╔══██╗╚════██║    ██╔═══╝    ████╔╝██║
    ╚███╔███╔╝███████╗██████╔╝███████║    ███████╗██╗╚██████╔╝
    ╚══╝╚══╝ ╚══════╝╚═════╝ ╚══════╝    ╚══════╝╚═╝ ╚═════╝ 
                                                      
              
                           
[INFO] Started logging for server `localhost:2444`...
[INFO] Starting ControlPanel server...
         

    ██╗    ██╗███████╗██████╗ ███████╗    ██████╗     ██████╗ 
    ██║    ██║██╔════╝██╔══██╗██╔════╝    ╚════██╗   ██╔═████╗
    ██║ █╗ ██║█████╗  ██████╔╝███████╗     █████╔╝   ██║██╔██║
    ██║███╗██║██╔══╝  ██╔══██╗╚════██║    ██╔═══╝    ████╔╝██║
    ╚███╔███╔╝███████╗██████╔╝███████║    ███████╗██╗╚██████╔╝
    ╚══╝╚══╝ ╚══════╝╚═════╝ ╚══════╝    ╚══════╝╚═╝ ╚═════╝ 
                                                      
              
                           
[INFO] Started logging for server `localhost:2444`...
[INFO] Starting ControlPanel server...
         

    ██╗    ██╗███████╗██████╗ ███████╗    ██████╗     ██████╗ 
    ██║    ██║██╔════╝██╔══██╗██╔════╝    ╚════██╗   ██╔═████╗
    ██║ █╗ ██║█████╗  ██████╔╝███████╗     █████╔╝   ██║██╔██║
    ██║███╗██║██╔══╝  ██╔══██╗╚════██║    ██╔═══╝    ████╔╝██║
    ╚███╔███╔╝███████╗██████╔╝███████║    ███████╗██╗╚██████╔╝
    ╚══╝╚══╝ ╚══════╝╚═════╝ ╚══════╝    ╚══════╝╚═╝ ╚═════╝ 
                                                      
              
                           
[INFO] Started logging for server `localhost:2444`...
[INFO] Starting ControlPanel server...
         

    ██╗    ██╗███████╗██████╗ ███████╗    ██████╗     ██████╗ 
    ██║    ██║██╔════╝██╔══██╗██╔════╝    ╚════██╗   ██╔═████╗
    ██║ █╗ ██║█████╗  ██████╔╝███████╗     █████╔╝   ██║██╔██║
    ██║███╗██║██╔══╝  ██╔══██╗╚════██║    ██╔═══╝    ████╔╝██║
    ╚███╔███╔╝███████╗██████╔╝███████║    ███████╗██╗╚██████╔╝
    ╚══╝╚══╝ ╚══════╝╚═════╝ ╚══════╝    ╚══════╝╚═╝ ╚═════╝ 
                                                      
              
                           
[INFO] Started logging for server `localhost:2444`...
[INFO] Starting ControlPanel server...
         

    ██╗    ██╗███████╗██████╗ ███████╗    ██████╗     ██████╗ 
    ██║    ██║██╔════╝██╔══██╗██╔════╝    ╚════██╗   ██╔═████╗
    ██║ █╗ ██║█████╗  ██████╔╝███████╗     █████╔╝   ██║██╔██║
    ██║███╗██║██╔══╝  ██╔══██╗╚════██║    ██╔═══╝    ████╔╝██║
    ╚███╔███╔╝███████╗██████╔╝███████║    ███████╗██╗╚██████╔╝
    ╚══╝╚══╝ ╚══════╝╚═════╝ ╚══════╝    ╚══════╝╚═╝ ╚═════╝ 
                                                      
              
                           
[INFO] Started logging for server `localhost:2444`...
[INFO] Starting ControlPanel server...
         

    ██╗    ██╗███████╗██████╗ ███████╗    ██████╗     ██████╗ 
    ██║    ██║██╔════╝██╔══██╗██╔════╝    ╚════██╗   ██╔═████╗
    ██║ █╗ ██║█████╗  ██████╔╝███████╗     █████╔╝   ██║██╔██║
    ██║███╗██║██╔══╝  ██╔══██╗╚════██║    ██╔═══╝    ████╔╝██║
    ╚███╔███╔╝███████╗██████╔╝███████║    ███████╗██╗╚██████╔╝
    ╚══╝╚══╝ ╚══════╝╚═════╝ ╚══════╝    ╚══════╝╚═╝ ╚═════╝ 
                                                      
              
                           
[INFO] Started logging for server `localhost:2444`...
[INFO] Starting ControlPanel server...
         

    ██╗    ██╗███████╗██████╗ ███████╗    ██████╗     ██████╗ 
    ██║    ██║██╔════╝██╔══██╗██╔════╝    ╚════██╗   ██╔═████╗
    ██║ █╗ ██║█████╗  ██████╔╝███████╗     █████╔╝   ██║██╔██║
    ██║███╗██║██╔══╝  ██╔══██╗╚════██║    ██╔═══╝    ████╔╝██║
    ╚███╔███╔╝███████╗██████╔╝███████║    ███████╗██╗╚██████╔╝
    ╚══╝╚══╝ ╚══════╝╚═════╝ ╚══════╝    ╚══════╝╚═╝ ╚═════╝ 
                                                      
              
                           
[INFO] Started logging for server `localhost:2444`...
[INFO] Starting ControlPanel server...
         

    ██╗    ██╗███████╗██████╗ ███████╗    ██████╗     ██████╗ 
    ██║    ██║██╔════╝██╔══██╗██╔════╝    ╚════██╗   ██╔═████╗
    ██║ █╗ ██║█████╗  ██████╔╝███████╗     █████╔╝   ██║██╔██║
    ██║███╗██║██╔══╝  ██╔══██╗╚════██║    ██╔═══╝    ████╔╝██║
    ╚███╔███╔╝███████╗██████╔╝███████║    ███████╗██╗╚██████╔╝
    ╚══╝╚══╝ ╚══════╝╚═════╝ ╚══════╝    ╚══════╝╚═╝ ╚═════╝ 
                                                      
              
                           
[INFO] Started logging for server `localhost:2444`...
[INFO] Starting ControlPanel server...
         

    ██╗    ██╗███████╗██████╗ ███████╗    ██████╗     ██████╗ 
    ██║    ██║██╔════╝██╔══██╗██╔════╝    ╚════██╗   ██╔═████╗
    ██║ █╗ ██║█████╗  ██████╔╝███████╗     █████╔╝   ██║██╔██║
    ██║███╗██║██╔══╝  ██╔══██╗╚════██║    ██╔═══╝    ████╔╝██║
    ╚███╔███╔╝███████╗██████╔╝███████║    ███████╗██╗╚██████╔╝
    ╚══╝╚══╝ ╚══════╝╚═════╝ ╚══════╝    ╚══════╝╚═╝ ╚═════╝ 
                                                      
              
                           
[INFO] Started logging for server `localhost:2444`...
[INFO] Starting ControlPanel server...
         

    ██╗    ██╗███████╗██████╗ ███████╗    ██████╗     ██████╗ 
    ██║    ██║██╔════╝██╔══██╗██╔════╝    ╚════██╗   ██╔═████╗
    ██║ █╗ ██║█████╗  ██████╔╝███████╗     █████╔╝   ██║██╔██║
    ██║███╗██║██╔══╝  ██╔══██╗╚════██║    ██╔═══╝    ████╔╝██║
    ╚███╔███╔╝███████╗██████╔╝███████║    ███████╗██╗╚██████╔╝
    ╚══╝╚══╝ ╚══════╝╚═════╝ ╚══════╝    ╚══════╝╚═╝ ╚═════╝ 
                                                      
              
                           
[INFO] Started logging for server `localhost:2444`...
[INFO] Starting ControlPanel server...
         

    ██╗    ██╗███████╗██████╗ ███████╗    ██████╗     ██████╗ 
    ██║    ██║██╔════╝██╔══██╗██╔════╝    ╚════██╗   ██╔═████╗
    ██║ █╗ ██║█████╗  ██████╔╝███████╗     █████╔╝   ██║██╔██║
    ██║███╗██║██╔══╝  ██╔══██╗╚════██║    ██╔═══╝    ████╔╝██║
    ╚███╔███╔╝███████╗██████╔╝███████║    ███████╗██╗╚██████╔╝
    ╚══╝╚══╝ ╚══════╝╚═════╝ ╚══════╝    ╚══════╝╚═╝ ╚═════╝ 
                                                      
              
                           
[INFO] Started logging for server `localhost:2444`...
[INFO] Starting ControlPanel server...
         

    ██╗    ██╗███████╗██████╗ ███████╗    ██████╗     ██████╗ 
    ██║    ██║██╔════╝██╔══██╗██╔════╝    ╚════██╗   ██╔═████╗
    ██║ █╗ ██║█████╗  ██████╔╝███████╗     █████╔╝   ██║██╔██║
    ██║███╗██║██╔══╝  ██╔══██╗╚════██║    ██╔═══╝    ████╔╝██║
    ╚███╔███╔╝███████╗██████╔╝███████║    ███████╗██╗╚██████╔╝
    ╚══╝╚══╝ ╚══════╝╚═════╝ ╚══════╝    ╚══════╝╚═╝ ╚═════╝ 
                                                      
              
                           
[INFO] Started logging for server `localhost:2444`...
[INFO] Starting ControlPanel server...
         

    ██╗    ██╗███████╗██████╗ ███████╗    ██████╗     ██████╗ 
    ██║    ██║██╔════╝██╔══██╗██╔════╝    ╚════██╗   ██╔═████╗
    ██║ █╗ ██║█████╗  ██████╔╝███████╗     █████╔╝   ██║██╔██║
    ██║███╗██║██╔══╝  ██╔══██╗╚════██║    ██╔═══╝    ████╔╝██║
    ╚███╔███╔╝███████╗██████╔╝███████║    ███████╗██╗╚██████╔╝
    ╚══╝╚══╝ ╚══════╝╚═════╝ ╚══════╝    ╚══════╝╚═╝ ╚═════╝ 
                                                      
              
                           
[INFO] Started logging for server `localhost:2444`...
[INFO] Starting ControlPanel server...
         

    ██╗    ██╗███████╗██████╗ ███████╗    ██████╗     ██████╗ 
    ██║    ██║██╔════╝██╔══██╗██╔════╝    ╚════██╗   ██╔═████╗
    ██║ █╗ ██║█████╗  ██████╔╝███████╗     █████╔╝   ██║██╔██║
    ██║███╗██║██╔══╝  ██╔══██╗╚════██║    ██╔═══╝    ████╔╝██║
    ╚███╔███╔╝███████╗██████╔╝███████║    ███████╗██╗╚██████╔╝
    ╚══╝╚══╝ ╚══════╝╚═════╝ ╚══════╝    ╚══════╝╚═╝ ╚═════╝ 
                                                      
              
                           
[INFO] Started logging for server `localhost:2444`...
[INFO] Starting ControlPanel server...
         

    ██╗    ██╗███████╗██████╗ ███████╗    ██████╗     ██████╗ 
    ██║    ██║██╔════╝██╔══██╗██╔════╝    ╚════██╗   ██╔═████╗
    ██║ █╗ ██║█████╗  ██████╔╝███████╗     █████╔╝   ██║██╔██║
    ██║███╗██║██╔══╝  ██╔══██╗╚════██║    ██╔═══╝    ████╔╝██║
    ╚███╔███╔╝███████╗██████╔╝███████║    ███████╗██╗╚██████╔╝
    ╚══╝╚══╝ ╚══════╝╚═════╝ ╚══════╝    ╚══════╝╚═╝ ╚═════╝ 
                                                      
              
                           
[INFO] Started logging for server `localhost:2444`...
[INFO] Starting ControlPanel server...
         

    ██╗    ██╗███████╗██████╗ ███████╗    ██████╗     ██████╗ 
    ██║    ██║██╔════╝██╔══██╗██╔════╝    ╚════██╗   ██╔═████╗
    ██║ █╗ ██║█████╗  ██████╔╝███████╗     █████╔╝   ██║██╔██║
    ██║███╗██║██╔══╝  ██╔══██╗╚════██║    ██╔═══╝    ████╔╝██║
    ╚███╔███╔╝███████╗██████╔╝███████║    ███████╗██╗╚██████╔╝
    ╚══╝╚══╝ ╚══════╝╚═════╝ ╚══════╝    ╚══════╝╚═╝ ╚═════╝ 
                                                      
              
                           
[INFO] Started logging for server `localhost:2444`...
[INFO] Starting ControlPanel server...
         

    ██╗    ██╗███████╗██████╗ ███████╗    ██████╗     ██████╗ 
    ██║    ██║██╔════╝██╔══██╗██╔════╝    ╚════██╗   ██╔═████╗
    ██║ █╗ ██║█████╗  ██████╔╝███████╗     █████╔╝   ██║██╔██║
    ██║███╗██║██╔══╝  ██╔══██╗╚════██║    ██╔═══╝    ████╔╝██║
    ╚███╔███╔╝███████╗██████╔╝███████║    ███████╗██╗╚██████╔╝
    ╚══╝╚══╝ ╚══════╝╚═════╝ ╚══════╝    ╚══════╝╚═╝ ╚═════╝ 
                                                      
              
                           
[INFO] Started logging for server `localhost:2444`...
[INFO] Starting ControlPanel server...
         

    ██╗    ██╗███████╗██████╗ ███████╗    ██████╗     ██████╗ 
    ██║    ██║██╔════╝██╔══██╗██╔════╝    ╚════██╗   ██╔═████╗
    ██║ █╗ ██║█████╗  ██████╔╝███████╗     █████╔╝   ██║██╔██║
    ██║███╗██║██╔══╝  ██╔══██╗╚════██║    ██╔═══╝    ████╔╝██║
    ╚███╔███╔╝███████╗██████╔╝███████║    ███████╗██╗╚██████╔╝
    ╚══╝╚══╝ ╚══════╝╚═════╝ ╚══════╝    ╚══════╝╚═╝ ╚═════╝ 
                                                      
              
                           
[INFO] Started logging for server `localhost:2444`...
[INFO] Starting ControlPanel server...
         

    ██╗    ██╗███████╗██████╗ ███████╗    ██████╗     ██████╗ 
    ██║    ██║██╔════╝██╔══██╗██╔════╝    ╚════██╗   ██╔═████╗
    ██║ █╗ ██║█████╗  ██████╔╝███████╗     █████╔╝   ██║██╔██║
    ██║███╗██║██╔══╝  ██╔══██╗╚════██║    ██╔═══╝    ████╔╝██║
    ╚███╔███╔╝███████╗██████╔╝███████║    ███████╗██╗╚██████╔╝
    ╚══╝╚══╝ ╚══════╝╚═════╝ ╚══════╝    ╚══════╝╚═╝ ╚═════╝ 
                                                      
              
                           
[INFO] Started logging for server `localhost:2444`...
[INFO] Starting ControlPanel server...
         

    ██╗    ██╗███████╗██████╗ ███████╗    ██████╗     ██████╗ 
    ██║    ██║██╔════╝██╔══██╗██╔════╝    ╚════██╗   ██╔═████╗
    ██║ █╗ ██║█████╗  ██████╔╝███████╗     █████╔╝   ██║██╔██║
    ██║███╗██║██╔══╝  ██╔══██╗╚════██║    ██╔═══╝    ████╔╝██║
    ╚███╔███╔╝███████╗██████╔╝███████║    ███████╗██╗╚██████╔╝
    ╚══╝╚══╝ ╚══════╝╚═════╝ ╚══════╝    ╚══════╝╚═╝ ╚═════╝ 
                                                      
              
                           
[INFO] Started logging for server `localhost:2444`...
[INFO] Starting ControlPanel server...
         

    ██╗    ██╗███████╗██████╗ ███████╗    ██████╗     ██████╗ 
    ██║    ██║██╔════╝██╔══██╗██╔════╝    ╚════██╗   ██╔═████╗
    ██║ █╗ ██║█████╗  ██████╔╝███████╗     █████╔╝   ██║██╔██║
    ██║███╗██║██╔══╝  ██╔══██╗╚════██║    ██╔═══╝    ████╔╝██║
    ╚███╔███╔╝███████╗██████╔╝███████║    ███████╗██╗╚██████╔╝
    ╚══╝╚══╝ ╚══════╝╚═════╝ ╚══════╝    ╚══════╝╚═╝ ╚═════╝ 
                                                      
              
                           
[INFO] Started logging for server `localhost:2444`...
[INFO] Starting ControlPanel server...
         

    ██╗    ██╗███████╗██████╗ ███████╗    ██████╗     ██████╗ 
    ██║    ██║██╔════╝██╔══██╗██╔════╝    ╚════██╗   ██╔═████╗
    ██║ █╗ ██║█████╗  ██████╔╝███████╗     █████╔╝   ██║██╔██║
    ██║███╗██║██╔══╝  ██╔══██╗╚════██║    ██╔═══╝    ████╔╝██║
    ╚███╔███╔╝███████╗██████╔╝███████║    ███████╗██╗╚██████╔╝
    ╚══╝╚══╝ ╚══════╝╚═════╝ ╚══════╝    ╚══════╝╚═╝ ╚═════╝ 
                                                      
              
                           
[INFO] Started logging for server `localhost:2444`...
[INFO] Starting ControlPanel server...
         

    ██╗    ██╗███████╗██████╗ ███████╗    ██████╗     ██████╗ 
    ██║    ██║██╔════╝██╔══██╗██╔════╝    ╚════██╗   ██╔═████╗
    ██║ █╗ ██║█████╗  ██████╔╝███████╗     █████╔╝   ██║██╔██║
    ██║███╗██║██╔══╝  ██╔══██╗╚════██║    ██╔═══╝    ████╔╝██║
    ╚███╔███╔╝███████╗██████╔╝███████║    ███████╗██╗╚██████╔╝
    ╚══╝╚══╝ ╚══════╝╚═════╝ ╚══════╝    ╚══════╝╚═╝ ╚═════╝ 
                                                      
              
                           
[INFO] Started logging for server `localhost:2444`...
[INFO] Starting ControlPanel server...
         

    ██╗    ██╗███████╗██████╗ ███████╗    ██████╗     ██████╗ 
    ██║    ██║██╔════╝██╔══██╗██╔════╝    ╚════██╗   ██╔═████╗
    ██║ █╗ ██║█████╗  ██████╔╝███████╗     █████╔╝   ██║██╔██║
    ██║███╗██║██╔══╝  ██╔══██╗╚════██║    ██╔═══╝    ████╔╝██║
    ╚███╔███╔╝███████╗██████╔╝███████║    ███████╗██╗╚██████╔╝
    ╚══╝╚══╝ ╚══════╝╚═════╝ ╚══════╝    ╚══════╝╚═╝ ╚═════╝ 
                                                      
              
                           
[INFO] Started logging for server `localhost:2444`...
[INFO] Starting ControlPanel server...
         

    ██╗    ██╗███████╗██████╗ ███████╗    ██████╗     ██████╗ 
    ██║    ██║██╔════╝██╔══██╗██╔════╝    ╚════██╗   ██╔═████╗
    ██║ █╗ ██║█████╗  ██████╔╝███████╗     █████╔╝   ██║██╔██║
    ██║███╗██║██╔══╝  ██╔══██╗╚════██║    ██╔═══╝    ████╔╝██║
    ╚███╔███╔╝███████╗██████╔╝███████║    ███████╗██╗╚██████╔╝
    ╚══╝╚══╝ ╚══════╝╚═════╝ ╚══════╝    ╚══════╝╚═╝ ╚═════╝ 
                                                      
              
                           
[INFO] Started logging for server `localhost:2444`...
[INFO] Starting ControlPanel server...
         

    ██╗    ██╗███████╗██████╗ ███████╗    ██████╗     ██████╗ 
    ██║    ██║██╔════╝██╔══██╗██╔════╝    ╚════██╗   ██╔═████╗
    ██║ █╗ ██║█████╗  ██████╔╝███████╗     █████╔╝   ██║██╔██║
    ██║███╗██║██╔══╝  ██╔══██╗╚════██║    ██╔═══╝    ████╔╝██║
    ╚███╔███╔╝███████╗██████╔╝███████║    ███████╗██╗╚██████╔╝
    ╚══╝╚══╝ ╚══════╝╚═════╝ ╚══════╝    ╚══════╝╚═╝ ╚═════╝ 
                                                      
              
                           
[INFO] Started logging for server `localhost:2444`...
[INFO] Starting ControlPanel server...
         

    ██╗    ██╗███████╗██████╗ ███████╗    ██████╗     ██████╗ 
    ██║    ██║██╔════╝██╔══██╗██╔════╝    ╚════██╗   ██╔═████╗
    ██║ █╗ ██║█████╗  ██████╔╝███████╗     █████╔╝   ██║██╔██║
    ██║███╗██║██╔══╝  ██╔══██╗╚════██║    ██╔═══╝    ████╔╝██║
    ╚███╔███╔╝███████╗██████╔╝███████║    ███████╗██╗╚██████╔╝
    ╚══╝╚══╝ ╚══════╝╚═════╝ ╚══════╝    ╚══════╝╚═╝ ╚═════╝ 
                                                      
              
                           
[INFO] Started logging for server `localhost:2444`...
[INFO] Starting ControlPanel server...
         

    ██╗    ██╗███████╗██████╗ ███████╗    ██████╗     ██████╗ 
    ██║    ██║██╔════╝██╔══██╗██╔════╝    ╚════██╗   ██╔═████╗
    ██║ █╗ ██║█████╗  ██████╔╝███████╗     █████╔╝   ██║██╔██║
    ██║███╗██║██╔══╝  ██╔══██╗╚════██║    ██╔═══╝    ████╔╝██║
    ╚███╔███╔╝███████╗██████╔╝███████║    ███████╗██╗╚██████╔╝
    ╚══╝╚══╝ ╚══════╝╚═════╝ ╚══════╝    ╚══════╝╚═╝ ╚═════╝ 
                                                      
              
                           
[INFO] Started logging for server `localhost:2444`...
[INFO] Starting ControlPanel server...
         

    ██╗    ██╗███████╗██████╗ ███████╗    ██████╗     ██████╗ 
    ██║    ██║██╔════╝██╔══██╗██╔════╝    ╚════██╗   ██╔═████╗
    ██║ █╗ ██║█████╗  ██████╔╝███████╗     █████╔╝   ██║██╔██║
    ██║███╗██║██╔══╝  ██╔══██╗╚════██║    ██╔═══╝    ████╔╝██║
    ╚███╔███╔╝███████╗██████╔╝███████║    ███████╗██╗╚██████╔╝
    ╚══╝╚══╝ ╚══════╝╚═════╝ ╚══════╝    ╚══════╝╚═╝ ╚═════╝ 
                                                      
              
                           
[INFO] Started logging for server `localhost:2444`...
[INFO] Starting ControlPanel server...
         

    ██╗    ██╗███████╗██████╗ ███████╗    ██████╗     ██████╗ 
    ██║    ██║██╔════╝██╔══██╗██╔════╝    ╚════██╗   ██╔═████╗
    ██║ █╗ ██║█████╗  ██████╔╝███████╗     █████╔╝   ██║██╔██║
    ██║███╗██║██╔══╝  ██╔══██╗╚════██║    ██╔═══╝    ████╔╝██║
    ╚███╔███╔╝███████╗██████╔╝███████║    ███████╗██╗╚██████╔╝
    ╚══╝╚══╝ ╚══════╝╚═════╝ ╚══════╝    ╚══════╝╚═╝ ╚═════╝ 
                                                      
              
                           
[INFO] Started logging for server `localhost:2444`...
[INFO] Starting ControlPanel server...
         

    ██╗    ██╗███████╗██████╗ ███████╗    ██████╗     ██████╗ 
    ██║    ██║██╔════╝██╔══██╗██╔════╝    ╚════██╗   ██╔═████╗
    ██║ █╗ ██║█████╗  ██████╔╝███████╗     █████╔╝   ██║██╔██║
    ██║███╗██║██╔══╝  ██╔══██╗╚════██║    ██╔═══╝    ████╔╝██║
    ╚███╔███╔╝███████╗██████╔╝███████║    ███████╗██╗╚██████╔╝
    ╚══╝╚══╝ ╚══════╝╚═════╝ ╚══════╝    ╚══════╝╚═╝ ╚═════╝ 
                                                      
              
                           
[INFO] Started logging for server `localhost:2444`...
[INFO] Starting ControlPanel server...
         

    ██╗    ██╗███████╗██████╗ ███████╗    ██████╗     ██████╗ 
    ██║    ██║██╔════╝██╔══██╗██╔════╝    ╚════██╗   ██╔═████╗
    ██║ █╗ ██║█████╗  ██████╔╝███████╗     █████╔╝   ██║██╔██║
    ██║███╗██║██╔══╝  ██╔══██╗╚════██║    ██╔═══╝    ████╔╝██║
    ╚███╔███╔╝███████╗██████╔╝███████║    ███████╗██╗╚██████╔╝
    ╚══╝╚══╝ ╚══════╝╚═════╝ ╚══════╝    ╚══════╝╚═╝ ╚═════╝ 
                                                      
              
                           
[INFO] Started logging for server `localhost:2444`...
[INFO] Starting ControlPanel server...
         

    ██╗    ██╗███████╗██████╗ ███████╗    ██████╗     ██████╗ 
    ██║    ██║██╔════╝██╔══██╗██╔════╝    ╚════██╗   ██╔═████╗
    ██║ █╗ ██║█████╗  ██████╔╝███████╗     █████╔╝   ██║██╔██║
    ██║███╗██║██╔══╝  ██╔══██╗╚════██║    ██╔═══╝    ████╔╝██║
    ╚███╔███╔╝███████╗██████╔╝███████║    ███████╗██╗╚██████╔╝
    ╚══╝╚══╝ ╚══════╝╚═════╝ ╚══════╝    ╚══════╝╚═╝ ╚═════╝ 
                                                      
              
                           
[INFO] Started logging for server `localhost:2444`...
[INFO] Starting ControlPanel server...
         

    ██╗    ██╗███████╗██████╗ ███████╗    ██████╗     ██████╗ 
    ██║    ██║██╔════╝██╔══██╗██╔════╝    ╚════██╗   ██╔═████╗
    ██║ █╗ ██║█████╗  ██████╔╝███████╗     █████╔╝   ██║██╔██║
    ██║███╗██║██╔══╝  ██╔══██╗╚════██║    ██╔═══╝    ████╔╝██║
    ╚███╔███╔╝███████╗██████╔╝███████║    ███████╗██╗╚██████╔╝
    ╚══╝╚══╝ ╚══════╝╚═════╝ ╚══════╝    ╚══════╝╚═╝ ╚═════╝ 
                                                      
              
                           
[INFO] Started logging for server `localhost:2444`...
[INFO] Starting ControlPanel server...
         

    ██╗    ██╗███████╗██████╗ ███████╗    ██████╗     ██████╗ 
    ██║    ██║██╔════╝██╔══██╗██╔════╝    ╚════██╗   ██╔═████╗
    ██║ █╗ ██║█████╗  ██████╔╝███████╗     █████╔╝   ██║██╔██║
    ██║███╗██║██╔══╝  ██╔══██╗╚════██║    ██╔═══╝    ████╔╝██║
    ╚███╔███╔╝███████╗██████╔╝███████║    ███████╗██╗╚██████╔╝
    ╚══╝╚══╝ ╚══════╝╚═════╝ ╚══════╝    ╚══════╝╚═╝ ╚═════╝ 
                                                      
              
                           
[INFO] Started logging for server `localhost:2444`...
[INFO] Starting ControlPanel server...
         

    ██╗    ██╗███████╗██████╗ ███████╗    ██████╗     ██████╗ 
    ██║    ██║██╔════╝██╔══██╗██╔════╝    ╚════██╗   ██╔═████╗
    ██║ █╗ ██║█████╗  ██████╔╝███████╗     █████╔╝   ██║██╔██║
    ██║███╗██║██╔══╝  ██╔══██╗╚════██║    ██╔═══╝    ████╔╝██║
    ╚███╔███╔╝███████╗██████╔╝███████║    ███████╗██╗╚██████╔╝
    ╚══╝╚══╝ ╚══════╝╚═════╝ ╚══════╝    ╚══════╝╚═╝ ╚═════╝ 
                                                      
              
                           
[INFO] Started logging for server `localhost:2444`...
[INFO] Starting ControlPanel server...
         

    ██╗    ██╗███████╗██████╗ ███████╗    ██████╗     ██████╗ 
    ██║    ██║██╔════╝██╔══██╗██╔════╝    ╚════██╗   ██╔═████╗
    ██║ █╗ ██║█████╗  ██████╔╝███████╗     █████╔╝   ██║██╔██║
    ██║███╗██║██╔══╝  ██╔══██╗╚════██║    ██╔═══╝    ████╔╝██║
    ╚███╔███╔╝███████╗██████╔╝███████║    ███████╗██╗╚██████╔╝
    ╚══╝╚══╝ ╚══════╝╚═════╝ ╚══════╝    ╚══════╝╚═╝ ╚═════╝ 
                                                      
              
                           
[INFO] Started logging for server `localhost:2444`...
[INFO] Starting ControlPanel server...
         

    ██╗    ██╗███████╗██████╗ ███████╗    ██████╗     ██████╗ 
    ██║    ██║██╔════╝██╔══██╗██╔════╝    ╚════██╗   ██╔═████╗
    ██║ █╗ ██║█████╗  ██████╔╝███████╗     █████╔╝   ██║██╔██║
    ██║███╗██║██╔══╝  ██╔══██╗╚════██║    ██╔═══╝    ████╔╝██║
    ╚███╔███╔╝███████╗██████╔╝███████║    ███████╗██╗╚██████╔╝
    ╚══╝╚══╝ ╚══════╝╚═════╝ ╚══════╝    ╚══════╝╚═╝ ╚═════╝ 
                                                      
              
                           
[INFO] Started logging for server `localhost:2444`...
[INFO] Starting ControlPanel server...
         

    ██╗    ██╗███████╗██████╗ ███████╗    ██████╗     ██████╗ 
    ██║    ██║██╔════╝██╔══██╗██╔════╝    ╚════██╗   ██╔═████╗
    ██║ █╗ ██║█████╗  ██████╔╝███████╗     █████╔╝   ██║██╔██║
    ██║███╗██║██╔══╝  ██╔══██╗╚════██║    ██╔═══╝    ████╔╝██║
    ╚███╔███╔╝███████╗██████╔╝███████║    ███████╗██╗╚██████╔╝
    ╚══╝╚══╝ ╚══════╝╚═════╝ ╚══════╝    ╚══════╝╚═╝ ╚═════╝ 
                                                      
              
                           
[INFO] Started logging for server `localhost:2444`...
[INFO] Starting ControlPanel server...
         

    ██╗    ██╗███████╗██████╗ ███████╗    ██████╗     ██████╗ 
    ██║    ██║██╔════╝██╔══██╗██╔════╝    ╚════██╗   ██╔═████╗
    ██║ █╗ ██║█████╗  ██████╔╝███████╗     █████╔╝   ██║██╔██║
    ██║███╗██║██╔══╝  ██╔══██╗╚════██║    ██╔═══╝    ████╔╝██║
    ╚███╔███╔╝███████╗██████╔╝███████║    ███████╗██╗╚██████╔╝
    ╚══╝╚══╝ ╚══════╝╚═════╝ ╚══════╝    ╚══════╝╚═╝ ╚═════╝ 
                                                      
              
                           
[INFO] Started logging for server `localhost:2444`...
[INFO] Starting ControlPanel server...
         

    ██╗    ██╗███████╗██████╗ ███████╗    ██████╗     ██████╗ 
    ██║    ██║██╔════╝██╔══██╗██╔════╝    ╚════██╗   ██╔═████╗
    ██║ █╗ ██║█████╗  ██████╔╝███████╗     █████╔╝   ██║██╔██║
    ██║███╗██║██╔══╝  ██╔══██╗╚════██║    ██╔═══╝    ████╔╝██║
    ╚███╔███╔╝███████╗██████╔╝███████║    ███████╗██╗╚██████╔╝
    ╚══╝╚══╝ ╚══════╝╚═════╝ ╚══════╝    ╚══════╝╚═╝ ╚═════╝ 
                                                      
              
                           
[INFO] Started logging for server `localhost:2444`...
[INFO] Starting ControlPanel server...
         

    ██╗    ██╗███████╗██████╗ ███████╗    ██████╗     ██████╗ 
    ██║    ██║██╔════╝██╔══██╗██╔════╝    ╚════██╗   ██╔═████╗
    ██║ █╗ ██║█████╗  ██████╔╝███████╗     █████╔╝   ██║██╔██║
    ██║███╗██║██╔══╝  ██╔══██╗╚════██║    ██╔═══╝    ████╔╝██║
    ╚███╔███╔╝███████╗██████╔╝███████║    ███████╗██╗╚██████╔╝
    ╚══╝╚══╝ ╚══════╝╚═════╝ ╚══════╝    ╚══════╝╚═╝ ╚═════╝ 
                                                      
              
                           
[INFO] Started logging for server `localhost:2444`...
[INFO] Starting ControlPanel server...
         

    ██╗    ██╗███████╗██████╗ ███████╗    ██████╗     ██████╗ 
    ██║    ██║██╔════╝██╔══██╗██╔════╝    ╚════██╗   ██╔═████╗
    ██║ █╗ ██║█████╗  ██████╔╝███████╗     █████╔╝   ██║██╔██║
    ██║███╗██║██╔══╝  ██╔══██╗╚════██║    ██╔═══╝    ████╔╝██║
    ╚███╔███╔╝███████╗██████╔╝███████║    ███████╗██╗╚██████╔╝
    ╚══╝╚══╝ ╚══════╝╚═════╝ ╚══════╝    ╚══════╝╚═╝ ╚═════╝ 
                                                      
              
                           
[INFO] Started logging for server `localhost:2444`...
[INFO] Starting ControlPanel server...
         

    ██╗    ██╗███████╗██████╗ ███████╗    ██████╗     ██████╗ 
    ██║    ██║██╔════╝██╔══██╗██╔════╝    ╚════██╗   ██╔═████╗
    ██║ █╗ ██║█████╗  ██████╔╝███████╗     █████╔╝   ██║██╔██║
    ██║███╗██║██╔══╝  ██╔══██╗╚════██║    ██╔═══╝    ████╔╝██║
    ╚███╔███╔╝███████╗██████╔╝███████║    ███████╗██╗╚██████╔╝
    ╚══╝╚══╝ ╚══════╝╚═════╝ ╚══════╝    ╚══════╝╚═╝ ╚═════╝ 
                                                      
              
                           
[INFO] Started logging for server `localhost:2444`...
[INFO] Starting ControlPanel server...
         

    ██╗    ██╗███████╗██████╗ ███████╗    ██████╗     ██████╗ 
    ██║    ██║██╔════╝██╔══██╗██╔════╝    ╚════██╗   ██╔═████╗
    ██║ █╗ ██║█████╗  ██████╔╝███████╗     █████╔╝   ██║██╔██║
    ██║███╗██║██╔══╝  ██╔══██╗╚════██║    ██╔═══╝    ████╔╝██║
    ╚███╔███╔╝███████╗██████╔╝███████║    ███████╗██╗╚██████╔╝
    ╚══╝╚══╝ ╚══════╝╚═════╝ ╚══════╝    ╚══════╝╚═╝ ╚═════╝ 
                                                      
              
                           
[INFO] Started logging for server `localhost:2444`...
[INFO] Starting ControlPanel server...
         

    ██╗    ██╗███████╗██████╗ ███████╗    ██████╗     ██████╗ 
    ██║    ██║██╔════╝██╔══██╗██╔════╝    ╚════██╗   ██╔═████╗
    ██║ █╗ ██║█████╗  ██████╔╝███████╗     █████╔╝   ██║██╔██║
    ██║███╗██║██╔══╝  ██╔══██╗╚════██║    ██╔═══╝    ████╔╝██║
    ╚███╔███╔╝███████╗██████╔╝███████║    ███████╗██╗╚██████╔╝
    ╚══╝╚══╝ ╚══════╝╚═════╝ ╚══════╝    ╚══════╝╚═╝ ╚═════╝ 
                                                      
              
                           
[INFO] Started logging for server `localhost:2444`...
[INFO] Starting ControlPanel server...
         

    ██╗    ██╗███████╗██████╗ ███████╗    ██████╗     ██████╗ 
    ██║    ██║██╔════╝██╔══██╗██╔════╝    ╚════██╗   ██╔═████╗
    ██║ █╗ ██║█████╗  ██████╔╝███████╗     █████╔╝   ██║██╔██║
    ██║███╗██║██╔══╝  ██╔══██╗╚════██║    ██╔═══╝    ████╔╝██║
    ╚███╔███╔╝███████╗██████╔╝███████║    ███████╗██╗╚██████╔╝
    ╚══╝╚══╝ ╚══════╝╚═════╝ ╚══════╝    ╚══════╝╚═╝ ╚═════╝ 
                                                      
              
                           
[INFO] Started logging for server `localhost:2444`...
[INFO] Starting TCP server...
         

    ██╗    ██╗███████╗██████╗ ███████╗    ██████╗     ██████╗ 
    ██║    ██║██╔════╝██╔══██╗██╔════╝    ╚════██╗   ██╔═████╗
    ██║ █╗ ██║█████╗  ██████╔╝███████╗     █████╔╝   ██║██╔██║
    ██║███╗██║██╔══╝  ██╔══██╗╚════██║    ██╔═══╝    ████╔╝██║
    ╚███╔███╔╝███████╗██████╔╝███████║    ███████╗██╗╚██████╔╝
    ╚══╝╚══╝ ╚══════╝╚═════╝ ╚══════╝    ╚══════╝╚═╝ ╚═════╝ 
                                                      
              
                           
[INFO] Started logging for server `localhost:2444`...
[INFO] Starting TCP server...
[INFO] Started HTTP Web Server on address 'localhost:2444'...
         

    ██╗    ██╗███████╗██████╗ ███████╗    ██████╗     ██████╗ 
    ██║    ██║██╔════╝██╔══██╗██╔════╝    ╚════██╗   ██╔═████╗
    ██║ █╗ ██║█████╗  ██████╔╝███████╗     █████╔╝   ██║██╔██║
    ██║███╗██║██╔══╝  ██╔══██╗╚════██║    ██╔═══╝    ████╔╝██║
    ╚███╔███╔╝███████╗██████╔╝███████║    ███████╗██╗╚██████╔╝
    ╚══╝╚══╝ ╚══════╝╚═════╝ ╚══════╝    ╚══════╝╚═╝ ╚═════╝ 
                                                      
              
                           
[INFO] Started logging for server `localhost:2444`...
[INFO] Starting TCP server...
[INFO] Started HTTP Web Server on address 'localhost:2444'...
         

    ██╗    ██╗███████╗██████╗ ███████╗    ██████╗     ██████╗ 
    ██║    ██║██╔════╝██╔══██╗██╔════╝    ╚════██╗   ██╔═████╗
    ██║ █╗ ██║█████╗  ██████╔╝███████╗     █████╔╝   ██║██╔██║
    ██║███╗██║██╔══╝  ██╔══██╗╚════██║    ██╔═══╝    ████╔╝██║
    ╚███╔███╔╝███████╗██████╔╝███████║    ███████╗██╗╚██████╔╝
    ╚══╝╚══╝ ╚══════╝╚═════╝ ╚══════╝    ╚══════╝╚═╝ ╚═════╝ 
                                                      
              
                           
[INFO] Started logging for server `localhost:2444`...
[01m[92m[CP] [0m[INFO] Starting TCP server...
[01m[92m[CP] [0m[INFO] Started HTTP Web Server on address 'localhost:2444'...
[01m[92m[CP] [0m[ACCESS] 127.0.0.1 | HTTP/1.1 200 (GET) /
[01m[92m[CP] [0m[ACCESS] 127.0.0.1 | HTTP/1.1 404 (GET) /favicon.ico
         

    ██╗    ██╗███████╗██████╗ ███████╗    ██████╗     ██████╗ 
    ██║    ██║██╔════╝██╔══██╗██╔════╝    ╚════██╗   ██╔═████╗
    ██║ █╗ ██║█████╗  ██████╔╝███████╗     █████╔╝   ██║██╔██║
    ██║███╗██║██╔══╝  ██╔══██╗╚════██║    ██╔═══╝    ████╔╝██║
    ╚███╔███╔╝███████╗██████╔╝███████║    ███████╗██╗╚██████╔╝
    ╚══╝╚══╝ ╚══════╝╚═════╝ ╚══════╝    ╚══════╝╚═╝ ╚═════╝ 
                                                      
              
                           
[INFO] Started logging for server `localhost:2444`...
[01m[92m[CP] [0m[INFO] Starting TCP server...
[01m[92m[CP] [0m[INFO] Started HTTP Web Server on address 'localhost:2444'...
[01m[92m[CP] [0m[ACCESS] 127.0.0.1 | HTTP/1.1 200 (GET) /
         

    ██╗    ██╗███████╗██████╗ ███████╗    ██████╗     ██████╗ 
    ██║    ██║██╔════╝██╔══██╗██╔════╝    ╚════██╗   ██╔═████╗
    ██║ █╗ ██║█████╗  ██████╔╝███████╗     █████╔╝   ██║██╔██║
    ██║███╗██║██╔══╝  ██╔══██╗╚════██║    ██╔═══╝    ████╔╝██║
    ╚███╔███╔╝███████╗██████╔╝███████║    ███████╗██╗╚██████╔╝
    ╚══╝╚══╝ ╚══════╝╚═════╝ ╚══════╝    ╚══════╝╚═╝ ╚═════╝ 
                                                      
              
                           
[INFO] Started logging for server `localhost:2444`...
[01m[92m[CP] [0m[INFO] Starting TCP server...
[01m[92m[CP] [0m[INFO] Started HTTP Web Server on address 'localhost:2444'...
         

    ██╗    ██╗███████╗██████╗ ███████╗    ██████╗     ██████╗ 
    ██║    ██║██╔════╝██╔══██╗██╔════╝    ╚════██╗   ██╔═████╗
    ██║ █╗ ██║█████╗  ██████╔╝███████╗     █████╔╝   ██║██╔██║
    ██║███╗██║██╔══╝  ██╔══██╗╚════██║    ██╔═══╝    ████╔╝██║
    ╚███╔███╔╝███████╗██████╔╝███████║    ███████╗██╗╚██████╔╝
    ╚══╝╚══╝ ╚══════╝╚═════╝ ╚══════╝    ╚══════╝╚═╝ ╚═════╝ 
                                                      
              
                           
[INFO] Started logging for server `localhost:2444`...
[01m[92m[CP] [0m[INFO] Starting TCP server...
[01m[92m[CP] [0m[INFO] Started HTTP Web Server on address 'localhost:2444'...
[01m[92m[CP] [0m[ACCESS] 127.0.0.1 | HTTP/1.1 200 (GET) /
         

    ██╗    ██╗███████╗██████╗ ███████╗    ██████╗     ██████╗ 
    ██║    ██║██╔════╝██╔══██╗██╔════╝    ╚════██╗   ██╔═████╗
    ██║ █╗ ██║█████╗  ██████╔╝███████╗     █████╔╝   ██║██╔██║
    ██║███╗██║██╔══╝  ██╔══██╗╚════██║    ██╔═══╝    ████╔╝██║
    ╚███╔███╔╝███████╗██████╔╝███████║    ███████╗██╗╚██████╔╝
    ╚══╝╚══╝ ╚══════╝╚═════╝ ╚══════╝    ╚══════╝╚═╝ ╚═════╝ 
                                                      
              
                           
[INFO] Started logging for server `localhost:2444`...
[01m[92m[CP] [0m[INFO] Starting TCP server...
[01m[92m[CP] [0m[INFO] Started HTTP Web Server on address 'localhost:2444'...
[01m[92m[CP] [0m[ACCESS] 127.0.0.1 | HTTP/1.1 404 (GET) /
[01m[92m[CP] [0m[ACCESS] 127.0.0.1 | HTTP/1.1 404 (GET) /
         

    ██╗    ██╗███████╗██████╗ ███████╗    ██████╗     ██████╗ 
    ██║    ██║██╔════╝██╔══██╗██╔════╝    ╚════██╗   ██╔═████╗
    ██║ █╗ ██║█████╗  ██████╔╝███████╗     █████╔╝   ██║██╔██║
    ██║███╗██║██╔══╝  ██╔══██╗╚════██║    ██╔═══╝    ████╔╝██║
    ╚███╔███╔╝███████╗██████╔╝███████║    ███████╗██╗╚██████╔╝
    ╚══╝╚══╝ ╚══════╝╚═════╝ ╚══════╝    ╚══════╝╚═╝ ╚═════╝ 
                                                      
              
                           
[INFO] Started logging for server `localhost:2444`...
[01m[92m[CP] [0m[INFO] Starting TCP server...
[01m[92m[CP] [0m[INFO] Started HTTP Web Server on address 'localhost:2444'...
[01m[92m[CP] [0m[ACCESS] 127.0.0.1 | HTTP/1.1 404 (GET) /
[01m[92m[CP] [0m[ACCESS] 127.0.0.1 | HTTP/1.1 404 (GET) /
         

    ██╗    ██╗███████╗██████╗ ███████╗    ██████╗     ██████╗ 
    ██║    ██║██╔════╝██╔══██╗██╔════╝    ╚════██╗   ██╔═████╗
    ██║ █╗ ██║█████╗  ██████╔╝███████╗     █████╔╝   ██║██╔██║
    ██║███╗██║██╔══╝  ██╔══██╗╚════██║    ██╔═══╝    ████╔╝██║
    ╚███╔███╔╝███████╗██████╔╝███████║    ███████╗██╗╚██████╔╝
    ╚══╝╚══╝ ╚══════╝╚═════╝ ╚══════╝    ╚══════╝╚═╝ ╚═════╝ 
                                                      
              
                           
[INFO] Started logging for server `localhost:2444`...
[01m[92m[CP] [0m[INFO] Starting TCP server...
         

    ██╗    ██╗███████╗██████╗ ███████╗    ██████╗     ██████╗ 
    ██║    ██║██╔════╝██╔══██╗██╔════╝    ╚════██╗   ██╔═████╗
    ██║ █╗ ██║█████╗  ██████╔╝███████╗     █████╔╝   ██║██╔██║
    ██║███╗██║██╔══╝  ██╔══██╗╚════██║    ██╔═══╝    ████╔╝██║
    ╚███╔███╔╝███████╗██████╔╝███████║    ███████╗██╗╚██████╔╝
    ╚══╝╚══╝ ╚══════╝╚═════╝ ╚══════╝    ╚══════╝╚═╝ ╚═════╝ 
                                                      
              
                           
[INFO] Started logging for server `localhost:2444`...
[01m[92m[CP] [0m[INFO] Starting TCP server...
[01m[92m[CP] [0m[INFO] Started HTTP Web Server on address 'localhost:2444'...
[01m[92m[CP] [0m[ACCESS] 127.0.0.1 | HTTP/1.1 404 (GET) /
         

    ██╗    ██╗███████╗██████╗ ███████╗    ██████╗     ██████╗ 
    ██║    ██║██╔════╝██╔══██╗██╔════╝    ╚════██╗   ██╔═████╗
    ██║ █╗ ██║█████╗  ██████╔╝███████╗     █████╔╝   ██║██╔██║
    ██║███╗██║██╔══╝  ██╔══██╗╚════██║    ██╔═══╝    ████╔╝██║
    ╚███╔███╔╝███████╗██████╔╝███████║    ███████╗██╗╚██████╔╝
    ╚══╝╚══╝ ╚══════╝╚═════╝ ╚══════╝    ╚══════╝╚═╝ ╚═════╝ 
                                                      
              
                           
[INFO] Started logging for server `localhost:2444`...
[01m[92m[CP] [0m[INFO] Starting TCP server...
[01m[92m[CP] [0m[INFO] Started HTTP Web Server on address 'localhost:2444'...
[01m[92m[CP] [0m[ERROR] 127.0.0.1 | Error while handling request : Traceback (most recent call last):
  File "C:\Users\180688\OneDrive - Boston College\Web server\httpServer.py", line 621, in handle_request
    response = await f(request.getContext())
  File "C:\Users\180688\OneDrive - Boston College\Web server\httpServer.py", line 371, in wrapper
    return func(*args, **kwargs)
TypeError: home() takes 0 positional arguments but 1 was given

[01m[92m[CP] [0m[ACCESS] 127.0.0.1 | HTTP/1.1 500 (GET) /
         

    ██╗    ██╗███████╗██████╗ ███████╗    ██████╗     ██████╗ 
    ██║    ██║██╔════╝██╔══██╗██╔════╝    ╚════██╗   ██╔═████╗
    ██║ █╗ ██║█████╗  ██████╔╝███████╗     █████╔╝   ██║██╔██║
    ██║███╗██║██╔══╝  ██╔══██╗╚════██║    ██╔═══╝    ████╔╝██║
    ╚███╔███╔╝███████╗██████╔╝███████║    ███████╗██╗╚██████╔╝
    ╚══╝╚══╝ ╚══════╝╚═════╝ ╚══════╝    ╚══════╝╚═╝ ╚═════╝ 
                                                      
              
                           
[INFO] Started logging for server `localhost:2444`...
[01m[92m[CP] [0m[INFO] Starting TCP server...
[01m[92m[CP] [0m[INFO] Started HTTP Web Server on address 'localhost:2444'...
[01m[92m[CP] [0m[ERROR] 127.0.0.1 | Error while handling request : Traceback (most recent call last):
  File "C:\Users\180688\OneDrive - Boston College\Web server\httpServer.py", line 621, in handle_request
    response = await f(request.getContext())
TypeError: object str can't be used in 'await' expression

[01m[92m[CP] [0m[ACCESS] 127.0.0.1 | HTTP/1.1 500 (GET) /
         

    ██╗    ██╗███████╗██████╗ ███████╗    ██████╗     ██████╗ 
    ██║    ██║██╔════╝██╔══██╗██╔════╝    ╚════██╗   ██╔═████╗
    ██║ █╗ ██║█████╗  ██████╔╝███████╗     █████╔╝   ██║██╔██║
    ██║███╗██║██╔══╝  ██╔══██╗╚════██║    ██╔═══╝    ████╔╝██║
    ╚███╔███╔╝███████╗██████╔╝███████║    ███████╗██╗╚██████╔╝
    ╚══╝╚══╝ ╚══════╝╚═════╝ ╚══════╝    ╚══════╝╚═╝ ╚═════╝ 
                                                      
              
                           
[INFO] Started logging for server `localhost:2444`...
[01m[92m[CP] [0m[INFO] Starting TCP server...
[01m[92m[CP] [0m[INFO] Started HTTP Web Server on address 'localhost:2444'...
[01m[92m[CP] [0m[ERROR] 127.0.0.1 | Error while handling request : Traceback (most recent call last):
  File "C:\Users\180688\OneDrive - Boston College\Web server\httpServer.py", line 622, in handle_request
    response = await f(request.getContext())
TypeError: object str can't be used in 'await' expression

[01m[92m[CP] [0m[ACCESS] 127.0.0.1 | HTTP/1.1 500 (GET) /
[01m[92m[CP] [0m[ACCESS] 127.0.0.1 | HTTP/1.1 404 (GET) /favicon.ico
         

    ██╗    ██╗███████╗██████╗ ███████╗    ██████╗     ██████╗ 
    ██║    ██║██╔════╝██╔══██╗██╔════╝    ╚════██╗   ██╔═████╗
    ██║ █╗ ██║█████╗  ██████╔╝███████╗     █████╔╝   ██║██╔██║
    ██║███╗██║██╔══╝  ██╔══██╗╚════██║    ██╔═══╝    ████╔╝██║
    ╚███╔███╔╝███████╗██████╔╝███████║    ███████╗██╗╚██████╔╝
    ╚══╝╚══╝ ╚══════╝╚═════╝ ╚══════╝    ╚══════╝╚═╝ ╚═════╝ 
                                                      
              
                           
[INFO] Started logging for server `localhost:2444`...
[01m[92m[CP] [0m[INFO] Starting TCP server...
[01m[92m[CP] [0m[INFO] Started HTTP Web Server on address 'localhost:2444'...
[01m[92m[CP] [0m[WARNING] Endpoint '{0}' needs to be a async method.
[01m[92m[CP] [0m[ACCESS] 127.0.0.1 | HTTP/1.1 200 (GET) /
         

    ██╗    ██╗███████╗██████╗ ███████╗    ██████╗     ██████╗ 
    ██║    ██║██╔════╝██╔══██╗██╔════╝    ╚════██╗   ██╔═████╗
    ██║ █╗ ██║█████╗  ██████╔╝███████╗     █████╔╝   ██║██╔██║
    ██║███╗██║██╔══╝  ██╔══██╗╚════██║    ██╔═══╝    ████╔╝██║
    ╚███╔███╔╝███████╗██████╔╝███████║    ███████╗██╗╚██████╔╝
    ╚══╝╚══╝ ╚══════╝╚═════╝ ╚══════╝    ╚══════╝╚═╝ ╚═════╝ 
                                                      
              
                           
[INFO] Started logging for server `localhost:2444`...
[01m[92m[CP] [0m[INFO] Starting TCP server...
[01m[92m[CP] [0m[INFO] Started HTTP Web Server on address 'localhost:2444'...
[01m[92m[CP] [0m[WARNING] Endpoint 'wrapper' needs to be a async method.
[01m[92m[CP] [0m[ACCESS] 127.0.0.1 | HTTP/1.1 200 (GET) /
[01m[92m[CP] [0m[WARNING] Endpoint 'wrapper' needs to be a async method.
[01m[92m[CP] [0m[ACCESS] 127.0.0.1 | HTTP/1.1 200 (GET) /
         

    ██╗    ██╗███████╗██████╗ ███████╗    ██████╗     ██████╗ 
    ██║    ██║██╔════╝██╔══██╗██╔════╝    ╚════██╗   ██╔═████╗
    ██║ █╗ ██║█████╗  ██████╔╝███████╗     █████╔╝   ██║██╔██║
    ██║███╗██║██╔══╝  ██╔══██╗╚════██║    ██╔═══╝    ████╔╝██║
    ╚███╔███╔╝███████╗██████╔╝███████║    ███████╗██╗╚██████╔╝
    ╚══╝╚══╝ ╚══════╝╚═════╝ ╚══════╝    ╚══════╝╚═╝ ╚═════╝ 
                                                      
              
                           
[INFO] Started logging for server `localhost:2444`...
[01m[92m[CP] [0m[INFO] Starting TCP server...
[01m[92m[CP] [0m[INFO] Started HTTP Web Server on address 'localhost:2444'...
[01m[92m[CP] [0m[WARNING] Endpoint '/' needs to be a async method.
[01m[92m[CP] [0m[ACCESS] 127.0.0.1 | HTTP/1.1 200 (GET) /
[01m[92m[CP] [0m[WARNING] Endpoint '/' needs to be a async method.
[01m[92m[CP] [0m[ACCESS] 127.0.0.1 | HTTP/1.1 200 (GET) /
[01m[92m[CP] [0m[WARNING] Endpoint '/' needs to be a async method.
[01m[92m[CP] [0m[ACCESS] 127.0.0.1 | HTTP/1.1 200 (GET) /
[01m[92m[CP] [0m[WARNING] Endpoint '/' needs to be a async method.
[01m[92m[CP] [0m[ACCESS] 127.0.0.1 | HTTP/1.1 200 (GET) /
[01m[92m[CP] [0m[WARNING] Endpoint '/' needs to be a async method.
[01m[92m[CP] [0m[ACCESS] 127.0.0.1 | HTTP/1.1 200 (GET) /
[01m[92m[CP] [0m[WARNING] Endpoint '/' needs to be a async method.
[01m[92m[CP] [0m[ACCESS] 127.0.0.1 | HTTP/1.1 200 (GET) /
[01m[92m[CP] [0m[WARNING] Endpoint '/' needs to be a async method.
[01m[92m[CP] [0m[ACCESS] 127.0.0.1 | HTTP/1.1 200 (GET) /
[01m[92m[CP] [0m[WARNING] Endpoint '/' needs to be a async method.
[01m[92m[CP] [0m[ACCESS] 127.0.0.1 | HTTP/1.1 200 (GET) /
[01m[92m[CP] [0m[WARNING] Endpoint '/' needs to be a async method.
[01m[92m[CP] [0m[ACCESS] 127.0.0.1 | HTTP/1.1 200 (GET) /
[01m[92m[CP] [0m[WARNING] Endpoint '/' needs to be a async method.
[01m[92m[CP] [0m[ACCESS] 127.0.0.1 | HTTP/1.1 200 (GET) /
[01m[92m[CP] [0m[WARNING] Endpoint '/' needs to be a async method.
[01m[92m[CP] [0m[ACCESS] 127.0.0.1 | HTTP/1.1 200 (GET) /
[01m[92m[CP] [0m[WARNING] Endpoint '/' needs to be a async method.
[01m[92m[CP] [0m[ACCESS] 127.0.0.1 | HTTP/1.1 200 (GET) /
[01m[92m[CP] [0m[WARNING] Endpoint '/' needs to be a async method.
[01m[92m[CP] [0m[ACCESS] 127.0.0.1 | HTTP/1.1 200 (GET) /
[01m[92m[CP] [0m[WARNING] Endpoint '/' needs to be a async method.
[01m[92m[CP] [0m[ACCESS] 127.0.0.1 | HTTP/1.1 200 (GET) /
         

    ██╗    ██╗███████╗██████╗ ███████╗    ██████╗     ██████╗ 
    ██║    ██║██╔════╝██╔══██╗██╔════╝    ╚════██╗   ██╔═████╗
    ██║ █╗ ██║█████╗  ██████╔╝███████╗     █████╔╝   ██║██╔██║
    ██║███╗██║██╔══╝  ██╔══██╗╚════██║    ██╔═══╝    ████╔╝██║
    ╚███╔███╔╝███████╗██████╔╝███████║    ███████╗██╗╚██████╔╝
    ╚══╝╚══╝ ╚══════╝╚═════╝ ╚══════╝    ╚══════╝╚═╝ ╚═════╝ 
                                                      
              
                           
[INFO] Started logging for server `localhost:2444`...
[01m[92m[CP] [0m[INFO] Starting TCP server...
[01m[92m[CP] [0m[INFO] Started HTTP Web Server on address 'localhost:2444'...
[01m[92m[CP] [0m[WARNING] Endpoint '/' needs to be a async method.
[01m[92m[CP] [0m[ACCESS] 127.0.0.1 | HTTP/1.1 200 (GET) /
[01m[92m[CP] [0m[WARNING] Endpoint '/' needs to be a async method.
[01m[92m[CP] [0m[ACCESS] 127.0.0.1 | HTTP/1.1 200 (GET) /
[01m[92m[CP] [0m[WARNING] Endpoint '/' needs to be a async method.
[01m[92m[CP] [0m[ACCESS] 127.0.0.1 | HTTP/1.1 200 (GET) /
         

    ██╗    ██╗███████╗██████╗ ███████╗    ██████╗     ██████╗ 
    ██║    ██║██╔════╝██╔══██╗██╔════╝    ╚════██╗   ██╔═████╗
    ██║ █╗ ██║█████╗  ██████╔╝███████╗     █████╔╝   ██║██╔██║
    ██║███╗██║██╔══╝  ██╔══██╗╚════██║    ██╔═══╝    ████╔╝██║
    ╚███╔███╔╝███████╗██████╔╝███████║    ███████╗██╗╚██████╔╝
    ╚══╝╚══╝ ╚══════╝╚═════╝ ╚══════╝    ╚══════╝╚═╝ ╚═════╝ 
                                                      
              
                           
[INFO] Started logging for server `localhost:2444`...
[01m[92m[CP] [0m[INFO] Starting TCP server...
[01m[92m[CP] [0m[INFO] Started HTTP Web Server on address 'localhost:2444'...
[01m[92m[CP] [0m[ACCESS] 127.0.0.1 | HTTP/1.1 200 (GET) /
[01m[92m[CP] [0m[ACCESS] 127.0.0.1 | HTTP/1.1 200 (GET) /
[01m[92m[CP] [0m[ACCESS] 127.0.0.1 | HTTP/1.1 200 (GET) /
[01m[92m[CP] [0m[ACCESS] 127.0.0.1 | HTTP/1.1 200 (GET) /
[01m[92m[CP] [0m[ACCESS] 127.0.0.1 | HTTP/1.1 200 (GET) /
[01m[92m[CP] [0m[ACCESS] 127.0.0.1 | HTTP/1.1 200 (GET) /
[01m[92m[CP] [0m[ACCESS] 127.0.0.1 | HTTP/1.1 200 (GET) /
[01m[92m[CP] [0m[ACCESS] 127.0.0.1 | HTTP/1.1 200 (GET) /
[01m[92m[CP] [0m[ACCESS] 127.0.0.1 | HTTP/1.1 200 (GET) /
[01m[92m[CP] [0m[ACCESS] 127.0.0.1 | HTTP/1.1 200 (GET) /
[01m[92m[CP] [0m[ACCESS] 127.0.0.1 | HTTP/1.1 200 (GET) /
[01m[92m[CP] [0m[ACCESS] 127.0.0.1 | HTTP/1.1 200 (GET) /
[01m[92m[CP] [0m[ACCESS] 127.0.0.1 | HTTP/1.1 200 (GET) /
[01m[92m[CP] [0m[ACCESS] 127.0.0.1 | HTTP/1.1 200 (GET) /
[01m[92m[CP] [0m[ACCESS] 127.0.0.1 | HTTP/1.1 200 (GET) /
[01m[92m[CP] [0m[ACCESS] 127.0.0.1 | HTTP/1.1 200 (GET) /
[01m[92m[CP] [0m[ACCESS] 127.0.0.1 | HTTP/1.1 200 (GET) /
[01m[92m[CP] [0m[ACCESS] 127.0.0.1 | HTTP/1.1 200 (GET) /
[01m[92m[CP] [0m[ACCESS] 127.0.0.1 | HTTP/1.1 200 (GET) /
[01m[92m[CP] [0m[ACCESS] 127.0.0.1 | HTTP/1.1 200 (GET) /
[01m[92m[CP] [0m[ACCESS] 127.0.0.1 | HTTP/1.1 200 (GET) /
         

    ██╗    ██╗███████╗██████╗ ███████╗    ██████╗     ██████╗ 
    ██║    ██║██╔════╝██╔══██╗██╔════╝    ╚════██╗   ██╔═████╗
    ██║ █╗ ██║█████╗  ██████╔╝███████╗     █████╔╝   ██║██╔██║
    ██║███╗██║██╔══╝  ██╔══██╗╚════██║    ██╔═══╝    ████╔╝██║
    ╚███╔███╔╝███████╗██████╔╝███████║    ███████╗██╗╚██████╔╝
    ╚══╝╚══╝ ╚══════╝╚═════╝ ╚══════╝    ╚══════╝╚═╝ ╚═════╝ 
                                                      
              
                           
[INFO] Started logging for server `localhost:2444`...
[01m[92m[CP] [0m[INFO] Starting TCP server...
[01m[92m[CP] [0m[INFO] Started HTTP Web Server on address 'localhost:2444'...
[01m[92m[CP] [0m[WARNING] Endpoint 'home' needs to be a async method.
[01m[92m[CP] [0m[ACCESS] 127.0.0.1 | HTTP/1.1 200 (GET) /
[01m[92m[CP] [0m[WARNING] Endpoint 'home' needs to be a async method.
[01m[92m[CP] [0m[ACCESS] 127.0.0.1 | HTTP/1.1 200 (GET) /
[01m[92m[CP] [0m[WARNING] Endpoint 'home' needs to be a async method.
[01m[92m[CP] [0m[ACCESS] 127.0.0.1 | HTTP/1.1 200 (GET) /
[01m[92m[CP] [0m[WARNING] Endpoint 'home' needs to be a async method.
[01m[92m[CP] [0m[ACCESS] 127.0.0.1 | HTTP/1.1 200 (GET) /
[01m[92m[CP] [0m[WARNING] Endpoint 'home' needs to be a async method.
[01m[92m[CP] [0m[ACCESS] 127.0.0.1 | HTTP/1.1 200 (GET) /
         

    ██╗    ██╗███████╗██████╗ ███████╗    ██████╗     ██████╗ 
    ██║    ██║██╔════╝██╔══██╗██╔════╝    ╚════██╗   ██╔═████╗
    ██║ █╗ ██║█████╗  ██████╔╝███████╗     █████╔╝   ██║██╔██║
    ██║███╗██║██╔══╝  ██╔══██╗╚════██║    ██╔═══╝    ████╔╝██║
    ╚███╔███╔╝███████╗██████╔╝███████║    ███████╗██╗╚██████╔╝
    ╚══╝╚══╝ ╚══════╝╚═════╝ ╚══════╝    ╚══════╝╚═╝ ╚═════╝ 
                                                      
              
                           
[INFO] Started logging for server `localhost:2444`...
[01m[92m[CP] [0m[INFO] Starting TCP server...
[01m[92m[CP] [0m[INFO] Started HTTP Web Server on address 'localhost:2444'...
[01m[92m[CP] [0m[WARNING] Endpoint 'home()' needs to be a async method.
[01m[92m[CP] [0m[ACCESS] 127.0.0.1 | HTTP/1.1 200 (GET) /
[01m[92m[CP] [0m[WARNING] Endpoint 'home()' needs to be a async method.
[01m[92m[CP] [0m[ACCESS] 127.0.0.1 | HTTP/1.1 200 (GET) /
         

    ██╗    ██╗███████╗██████╗ ███████╗    ██████╗     ██████╗ 
    ██║    ██║██╔════╝██╔══██╗██╔════╝    ╚════██╗   ██╔═████╗
    ██║ █╗ ██║█████╗  ██████╔╝███████╗     █████╔╝   ██║██╔██║
    ██║███╗██║██╔══╝  ██╔══██╗╚════██║    ██╔═══╝    ████╔╝██║
    ╚███╔███╔╝███████╗██████╔╝███████║    ███████╗██╗╚██████╔╝
    ╚══╝╚══╝ ╚══════╝╚═════╝ ╚══════╝    ╚══════╝╚═╝ ╚═════╝ 
                                                      
              
                           
[INFO] Started logging for server `localhost:2444`...
[01m[92m[CP] [0m[INFO] Starting TCP server...
[01m[92m[CP] [0m[INFO] Started HTTP Web Server on address 'localhost:2444'...
[01m[92m[CP] [0m[WARNING] Endpoint 'home()' needs to be a async method.
[01m[92m[CP] [0m[ACCESS] 127.0.0.1 | HTTP/1.1 200 (GET) /
[01m[92m[CP] [0m[WARNING] Endpoint 'home()' needs to be a async method.
[01m[92m[CP] [0m[ACCESS] 127.0.0.1 | HTTP/1.1 200 (GET) /
[01m[92m[CP] [0m[WARNING] Endpoint 'home()' needs to be a async method.
[01m[92m[CP] [0m[ACCESS] 127.0.0.1 | HTTP/1.1 200 (GET) /
[01m[92m[CP] [0m[WARNING] Endpoint 'home()' needs to be a async method.
[01m[92m[CP] [0m[ACCESS] 127.0.0.1 | HTTP/1.1 200 (GET) /
[01m[92m[CP] [0m[WARNING] Endpoint 'home()' needs to be a async method.
[01m[92m[CP] [0m[ACCESS] 127.0.0.1 | HTTP/1.1 200 (GET) /
[01m[92m[CP] [0m[WARNING] Endpoint 'home()' needs to be a async method.
[01m[92m[CP] [0m[ACCESS] 127.0.0.1 | HTTP/1.1 200 (GET) /
         

    ██╗    ██╗███████╗██████╗ ███████╗    ██████╗     ██████╗ 
    ██║    ██║██╔════╝██╔══██╗██╔════╝    ╚════██╗   ██╔═████╗
    ██║ █╗ ██║█████╗  ██████╔╝███████╗     █████╔╝   ██║██╔██║
    ██║███╗██║██╔══╝  ██╔══██╗╚════██║    ██╔═══╝    ████╔╝██║
    ╚███╔███╔╝███████╗██████╔╝███████║    ███████╗██╗╚██████╔╝
    ╚══╝╚══╝ ╚══════╝╚═════╝ ╚══════╝    ╚══════╝╚═╝ ╚═════╝ 
                                                      
              
                           
[INFO] Started logging for server `localhost:2444`...
[01m[92m[CP] [0m[INFO] Starting TCP server...
[01m[92m[CP] [0m[INFO] Started HTTP Web Server on address 'localhost:2444'...
[01m[92m[CP] [0m[ACCESS] 127.0.0.1 | HTTP/1.1 200 (GET) /
[01m[92m[CP] [0m[ACCESS] 127.0.0.1 | HTTP/1.1 200 (GET) /
[01m[92m[CP] [0m[ACCESS] 127.0.0.1 | HTTP/1.1 200 (GET) /
[01m[92m[CP] [0m[ACCESS] 127.0.0.1 | HTTP/1.1 200 (GET) /
[01m[92m[CP] [0m[ACCESS] 127.0.0.1 | HTTP/1.1 200 (GET) /
[01m[92m[CP] [0m[ACCESS] 127.0.0.1 | HTTP/1.1 200 (GET) /
[01m[92m[CP] [0m[ACCESS] 127.0.0.1 | HTTP/1.1 200 (GET) /
[01m[92m[CP] [0m[ACCESS] 127.0.0.1 | HTTP/1.1 200 (GET) /
[01m[92m[CP] [0m[ACCESS] 127.0.0.1 | HTTP/1.1 200 (GET) /
         

    ██╗    ██╗███████╗██████╗ ███████╗    ██████╗     ██████╗ 
    ██║    ██║██╔════╝██╔══██╗██╔════╝    ╚════██╗   ██╔═████╗
    ██║ █╗ ██║█████╗  ██████╔╝███████╗     █████╔╝   ██║██╔██║
    ██║███╗██║██╔══╝  ██╔══██╗╚════██║    ██╔═══╝    ████╔╝██║
    ╚███╔███╔╝███████╗██████╔╝███████║    ███████╗██╗╚██████╔╝
    ╚══╝╚══╝ ╚══════╝╚═════╝ ╚══════╝    ╚══════╝╚═╝ ╚═════╝ 
                                                      
              
                           
[INFO] Started logging for server `localhost:2444`...
[01m[92m[CP] [0m[INFO] Starting TCP server...
[01m[92m[CP] [0m[INFO] Started HTTP Web Server on address 'localhost:2444'...
[01m[92m[CP] [0m[ACCESS] 127.0.0.1 | HTTP/1.1 200 (GET) /
[01m[92m[CP] [0m[ACCESS] 127.0.0.1 | HTTP/1.1 200 (GET) /
[01m[92m[CP] [0m[ACCESS] 127.0.0.1 | HTTP/1.1 200 (GET) /
[01m[92m[CP] [0m[ACCESS] 127.0.0.1 | HTTP/1.1 200 (GET) /
[01m[92m[CP] [0m[ACCESS] 127.0.0.1 | HTTP/1.1 200 (GET) /
[01m[92m[CP] [0m[ACCESS] 127.0.0.1 | HTTP/1.1 200 (GET) /
[01m[92m[CP] [0m[ACCESS] 127.0.0.1 | HTTP/1.1 200 (GET) /
[01m[92m[CP] [0m[ACCESS] 127.0.0.1 | HTTP/1.1 200 (GET) /
[01m[92m[CP] [0m[ACCESS] 127.0.0.1 | HTTP/1.1 200 (GET) /
[01m[92m[CP] [0m[ACCESS] 127.0.0.1 | HTTP/1.1 200 (GET) /
[01m[92m[CP] [0m[ACCESS] 127.0.0.1 | HTTP/1.1 200 (GET) /
[01m[92m[CP] [0m[ACCESS] 127.0.0.1 | HTTP/1.1 200 (GET) /
[01m[92m[CP] [0m[ACCESS] 127.0.0.1 | HTTP/1.1 200 (GET) /
[01m[92m[CP] [0m[ACCESS] 127.0.0.1 | HTTP/1.1 200 (GET) /
[01m[92m[CP] [0m[ACCESS] 127.0.0.1 | HTTP/1.1 200 (GET) /
[01m[92m[CP] [0m[ACCESS] 127.0.0.1 | HTTP/1.1 200 (GET) /
[01m[92m[CP] [0m[ACCESS] 127.0.0.1 | HTTP/1.1 200 (GET) /
[01m[92m[CP] [0m[ACCESS] 127.0.0.1 | HTTP/1.1 200 (GET) /
[01m[92m[CP] [0m[ACCESS] 127.0.0.1 | HTTP/1.1 200 (GET) /
[01m[92m[CP] [0m[ACCESS] 127.0.0.1 | HTTP/1.1 200 (GET) /
[01m[92m[CP] [0m[ACCESS] 127.0.0.1 | HTTP/1.1 200 (GET) /
[01m[92m[CP] [0m[ACCESS] 127.0.0.1 | HTTP/1.1 200 (GET) /
[01m[92m[CP] [0m[ACCESS] 127.0.0.1 | HTTP/1.1 200 (GET) /
[01m[92m[CP] [0m[ACCESS] 127.0.0.1 | HTTP/1.1 200 (GET) /
[01m[92m[CP] [0m[ACCESS] 127.0.0.1 | HTTP/1.1 200 (GET) /
[01m[92m[CP] [0m[ACCESS] 127.0.0.1 | HTTP/1.1 200 (GET) /
[01m[92m[CP] [0m[ACCESS] 127.0.0.1 | HTTP/1.1 200 (GET) /
[01m[92m[CP] [0m[ACCESS] 127.0.0.1 | HTTP/1.1 200 (GET) /
[01m[92m[CP] [0m[ACCESS] 127.0.0.1 | HTTP/1.1 200 (GET) /
[01m[92m[CP] [0m[ACCESS] 127.0.0.1 | HTTP/1.1 200 (GET) /
[01m[92m[CP] [0m[ACCESS] 127.0.0.1 | HTTP/1.1 200 (GET) /
[01m[92m[CP] [0m[ACCESS] 127.0.0.1 | HTTP/1.1 200 (GET) /
[01m[92m[CP] [0m[ACCESS] 127.0.0.1 | HTTP/1.1 200 (GET) /
[01m[92m[CP] [0m[ACCESS] 127.0.0.1 | HTTP/1.1 200 (GET) /
[01m[92m[CP] [0m[ACCESS] 127.0.0.1 | HTTP/1.1 200 (GET) /
[01m[92m[CP] [0m[ACCESS] 127.0.0.1 | HTTP/1.1 200 (GET) /
[01m[92m[CP] [0m[ACCESS] 127.0.0.1 | HTTP/1.1 200 (GET) /
[01m[92m[CP] [0m[ACCESS] 127.0.0.1 | HTTP/1.1 200 (GET) /
[01m[92m[CP] [0m[ACCESS] 127.0.0.1 | HTTP/1.1 200 (GET) /
[01m[92m[CP] [0m[ACCESS] 127.0.0.1 | HTTP/1.1 200 (GET) /
[01m[92m[CP] [0m[ACCESS] 127.0.0.1 | HTTP/1.1 200 (GET) /
[01m[92m[CP] [0m[ACCESS] 127.0.0.1 | HTTP/1.1 200 (GET) /
[01m[92m[CP] [0m[ACCESS] 127.0.0.1 | HTTP/1.1 200 (GET) /
[01m[92m[CP] [0m[ACCESS] 127.0.0.1 | HTTP/1.1 200 (GET) /
[01m[92m[CP] [0m[ACCESS] 127.0.0.1 | HTTP/1.1 200 (GET) /
[01m[92m[CP] [0m[ACCESS] 127.0.0.1 | HTTP/1.1 200 (GET) /
[01m[92m[CP] [0m[ACCESS] 127.0.0.1 | HTTP/1.1 200 (GET) /
[01m[92m[CP] [0m[ACCESS] 127.0.0.1 | HTTP/1.1 200 (GET) /
[01m[92m[CP] [0m[ACCESS] 127.0.0.1 | HTTP/1.1 200 (GET) /
[01m[92m[CP] [0m[ACCESS] 127.0.0.1 | HTTP/1.1 200 (GET) /
[01m[92m[CP] [0m[ACCESS] 127.0.0.1 | HTTP/1.1 200 (GET) /
[01m[92m[CP] [0m[ACCESS] 127.0.0.1 | HTTP/1.1 200 (GET) /
[01m[92m[CP] [0m[ACCESS] 127.0.0.1 | HTTP/1.1 200 (GET) /
[01m[92m[CP] [0m[ACCESS] 127.0.0.1 | HTTP/1.1 200 (GET) /
[01m[92m[CP] [0m[ACCESS] 127.0.0.1 | HTTP/1.1 200 (GET) /
[01m[92m[CP] [0m[ACCESS] 127.0.0.1 | HTTP/1.1 200 (GET) /
[01m[92m[CP] [0m[ACCESS] 127.0.0.1 | HTTP/1.1 200 (GET) /
[01m[92m[CP] [0m[ACCESS] 127.0.0.1 | HTTP/1.1 200 (GET) /
[01m[92m[CP] [0m[ACCESS] 127.0.0.1 | HTTP/1.1 200 (GET) /
[01m[92m[CP] [0m[ACCESS] 127.0.0.1 | HTTP/1.1 200 (GET) /
[01m[92m[CP] [0m[ACCESS] 127.0.0.1 | HTTP/1.1 200 (GET) /
[01m[92m[CP] [0m[ACCESS] 127.0.0.1 | HTTP/1.1 200 (GET) /
[01m[92m[CP] [0m[ACCESS] 127.0.0.1 | HTTP/1.1 200 (GET) /
[01m[92m[CP] [0m[ACCESS] 127.0.0.1 | HTTP/1.1 200 (GET) /
[01m[92m[CP] [0m[ACCESS] 127.0.0.1 | HTTP/1.1 200 (GET) /
[01m[92m[CP] [0m[ACCESS] 127.0.0.1 | HTTP/1.1 200 (GET) /
[01m[92m[CP] [0m[ACCESS] 127.0.0.1 | HTTP/1.1 200 (GET) /
[01m[92m[CP] [0m[ACCESS] 127.0.0.1 | HTTP/1.1 200 (GET) /
[01m[92m[CP] [0m[ACCESS] 127.0.0.1 | HTTP/1.1 200 (GET) /
[01m[92m[CP] [0m[ACCESS] 127.0.0.1 | HTTP/1.1 200 (GET) /
[01m[92m[CP] [0m[ACCESS] 127.0.0.1 | HTTP/1.1 200 (GET) /
[01m[92m[CP] [0m[ACCESS] 127.0.0.1 | HTTP/1.1 200 (GET) /
[01m[92m[CP] [0m[ACCESS] 127.0.0.1 | HTTP/1.1 200 (GET) /
[01m[92m[CP] [0m[ACCESS] 127.0.0.1 | HTTP/1.1 200 (GET) /
[01m[92m[CP] [0m[ACCESS] 127.0.0.1 | HTTP/1.1 200 (GET) /
[01m[92m[CP] [0m[ACCESS] 127.0.0.1 | HTTP/1.1 200 (GET) /
[01m[92m[CP] [0m[ACCESS] 127.0.0.1 | HTTP/1.1 200 (GET) /
[01m[92m[CP] [0m[ACCESS] 127.0.0.1 | HTTP/1.1 200 (GET) /
[01m[92m[CP] [0m[ACCESS] 127.0.0.1 | HTTP/1.1 200 (GET) /
[01m[92m[CP] [0m[ACCESS] 127.0.0.1 | HTTP/1.1 200 (GET) /
[01m[92m[CP] [0m[ACCESS] 127.0.0.1 | HTTP/1.1 200 (GET) /
[01m[92m[CP] [0m[ACCESS] 127.0.0.1 | HTTP/1.1 200 (GET) /
[01m[92m[CP] [0m[ACCESS] 127.0.0.1 | HTTP/1.1 200 (GET) /
[01m[92m[CP] [0m[ACCESS] 127.0.0.1 | HTTP/1.1 200 (GET) /
[01m[92m[CP] [0m[ACCESS] 127.0.0.1 | HTTP/1.1 200 (GET) /
[01m[92m[CP] [0m[ACCESS] 127.0.0.1 | HTTP/1.1 200 (GET) /
[01m[92m[CP] [0m[ACCESS] 127.0.0.1 | HTTP/1.1 200 (GET) /
[01m[92m[CP] [0m[ACCESS] 127.0.0.1 | HTTP/1.1 200 (GET) /
[01m[92m[CP] [0m[ACCESS] 127.0.0.1 | HTTP/1.1 200 (GET) /
[01m[92m[CP] [0m[ACCESS] 127.0.0.1 | HTTP/1.1 200 (GET) /
[01m[92m[CP] [0m[ACCESS] 127.0.0.1 | HTTP/1.1 200 (GET) /
[01m[92m[CP] [0m[ACCESS] 127.0.0.1 | HTTP/1.1 200 (GET) /
[01m[92m[CP] [0m[ACCESS] 127.0.0.1 | HTTP/1.1 200 (GET) /
[01m[92m[CP] [0m[ACCESS] 127.0.0.1 | HTTP/1.1 200 (GET) /
[01m[92m[CP] [0m[ACCESS] 127.0.0.1 | HTTP/1.1 200 (GET) /
[01m[92m[CP] [0m[ACCESS] 127.0.0.1 | HTTP/1.1 200 (GET) /
[01m[92m[CP] [0m[ACCESS] 127.0.0.1 | HTTP/1.1 200 (GET) /
[01m[92m[CP] [0m[ACCESS] 127.0.0.1 | HTTP/1.1 200 (GET) /
         

    ██╗    ██╗███████╗██████╗ ███████╗    ██████╗     ██████╗ 
    ██║    ██║██╔════╝██╔══██╗██╔════╝    ╚════██╗   ██╔═████╗
    ██║ █╗ ██║█████╗  ██████╔╝███████╗     █████╔╝   ██║██╔██║
    ██║███╗██║██╔══╝  ██╔══██╗╚════██║    ██╔═══╝    ████╔╝██║
    ╚███╔███╔╝███████╗██████╔╝███████║    ███████╗██╗╚██████╔╝
    ╚══╝╚══╝ ╚══════╝╚═════╝ ╚══════╝    ╚══════╝╚═╝ ╚═════╝ 
                                                      
              
                           
[INFO] Started logging for server `localhost:2444`...
[01m[92m[CP] [0m[INFO] Starting TCP server...
[01m[92m[CP] [0m[INFO] Started HTTP Web Server on address 'localhost:2444'...
[01m[92m[CP] [0m[ACCESS] 127.0.0.1 | HTTP/1.1 200 (GET) /
[01m[92m[CP] [0m[ACCESS] 127.0.0.1 | HTTP/1.1 200 (GET) /
[01m[92m[CP] [0m[ACCESS] 127.0.0.1 | HTTP/1.1 200 (GET) /
[01m[92m[CP] [0m[ACCESS] 127.0.0.1 | HTTP/1.1 200 (GET) /
[01m[92m[CP] [0m[ACCESS] 127.0.0.1 | HTTP/1.1 200 (GET) /
[01m[92m[CP] [0m[ACCESS] 127.0.0.1 | HTTP/1.1 200 (GET) /
[01m[92m[CP] [0m[ACCESS] 127.0.0.1 | HTTP/1.1 200 (GET) /
[01m[92m[CP] [0m[ACCESS] 127.0.0.1 | HTTP/1.1 200 (GET) /
[01m[92m[CP] [0m[ACCESS] 127.0.0.1 | HTTP/1.1 200 (GET) /
[01m[92m[CP] [0m[ACCESS] 127.0.0.1 | HTTP/1.1 200 (GET) /
[01m[92m[CP] [0m[ACCESS] 127.0.0.1 | HTTP/1.1 200 (GET) /
[01m[92m[CP] [0m[ACCESS] 127.0.0.1 | HTTP/1.1 200 (GET) /
[01m[92m[CP] [0m[ACCESS] 127.0.0.1 | HTTP/1.1 200 (GET) /
[01m[92m[CP] [0m[ACCESS] 127.0.0.1 | HTTP/1.1 200 (GET) /
[01m[92m[CP] [0m[ACCESS] 127.0.0.1 | HTTP/1.1 200 (GET) /
[01m[92m[CP] [0m[ACCESS] 127.0.0.1 | HTTP/1.1 200 (GET) /
[01m[92m[CP] [0m[ACCESS] 127.0.0.1 | HTTP/1.1 200 (GET) /
         

    ██╗    ██╗███████╗██████╗ ███████╗    ██████╗     ██████╗ 
    ██║    ██║██╔════╝██╔══██╗██╔════╝    ╚════██╗   ██╔═████╗
    ██║ █╗ ██║█████╗  ██████╔╝███████╗     █████╔╝   ██║██╔██║
    ██║███╗██║██╔══╝  ██╔══██╗╚════██║    ██╔═══╝    ████╔╝██║
    ╚███╔███╔╝███████╗██████╔╝███████║    ███████╗██╗╚██████╔╝
    ╚══╝╚══╝ ╚══════╝╚═════╝ ╚══════╝    ╚══════╝╚═╝ ╚═════╝ 
                                                      
              
                           
[INFO] Started logging for server `localhost:2444`...
[01m[92m[CP] [0m[INFO] Starting TCP server...
[01m[92m[CP] [0m[INFO] Started HTTP Web Server on address 'localhost:2444'...
[01m[92m[CP] [0m[ACCESS] 127.0.0.1 | HTTP/1.1 200 (GET) /
[01m[92m[CP] [0m[ACCESS] 127.0.0.1 | HTTP/1.1 200 (GET) /
[01m[92m[CP] [0m[ACCESS] 127.0.0.1 | HTTP/1.1 200 (GET) /
[01m[92m[CP] [0m[ACCESS] 127.0.0.1 | HTTP/1.1 200 (GET) /
         

    ██╗    ██╗███████╗██████╗ ███████╗    ██████╗     ██████╗ 
    ██║    ██║██╔════╝██╔══██╗██╔════╝    ╚════██╗   ██╔═████╗
    ██║ █╗ ██║█████╗  ██████╔╝███████╗     █████╔╝   ██║██╔██║
    ██║███╗██║██╔══╝  ██╔══██╗╚════██║    ██╔═══╝    ████╔╝██║
    ╚███╔███╔╝███████╗██████╔╝███████║    ███████╗██╗╚██████╔╝
    ╚══╝╚══╝ ╚══════╝╚═════╝ ╚══════╝    ╚══════╝╚═╝ ╚═════╝ 
                                                      
              
                           
[INFO] Started logging for server `localhost:2444`...
[01m[92m[CP] [0m[INFO] Starting TCP server...
[01m[92m[CP] [0m[INFO] Started HTTP Web Server on address 'localhost:2444'...
[01m[92m[CP] [0m[ACCESS] 127.0.0.1 | HTTP/1.1 404 (GET) /dash
[01m[92m[CP] [0m[ACCESS] 127.0.0.1 | HTTP/1.1 404 (GET) /dash.html
         

    ██╗    ██╗███████╗██████╗ ███████╗    ██████╗     ██████╗ 
    ██║    ██║██╔════╝██╔══██╗██╔════╝    ╚════██╗   ██╔═████╗
    ██║ █╗ ██║█████╗  ██████╔╝███████╗     █████╔╝   ██║██╔██║
    ██║███╗██║██╔══╝  ██╔══██╗╚════██║    ██╔═══╝    ████╔╝██║
    ╚███╔███╔╝███████╗██████╔╝███████║    ███████╗██╗╚██████╔╝
    ╚══╝╚══╝ ╚══════╝╚═════╝ ╚══════╝    ╚══════╝╚═╝ ╚═════╝ 
                                                      
              
                           
[INFO] Started logging for server `localhost:2444`...
[01m[92m[CP] [0m[INFO] Starting TCP server...
[01m[92m[CP] [0m[INFO] Started HTTP Web Server on address 'localhost:2444'...
[01m[92m[CP] [0m[ACCESS] 127.0.0.1 | HTTP/1.1 404 (GET) /dash.html
[01m[92m[CP] [0m[WARNING] Endpoint 'dash()' needs to be a async method.
[01m[92m[CP] [0m[ACCESS] 127.0.0.1 | HTTP/1.1 200 (GET) /dash
[01m[92m[CP] [0m[WARNING] Endpoint 'dash()' needs to be a async method.
[01m[92m[CP] [0m[ACCESS] 127.0.0.1 | HTTP/1.1 200 (GET) /dash
[01m[92m[CP] [0m[WARNING] Endpoint 'dash()' needs to be a async method.
[01m[92m[CP] [0m[ACCESS] 127.0.0.1 | HTTP/1.1 200 (GET) /dash
[01m[92m[CP] [0m[ACCESS] 127.0.0.1 | HTTP/1.1 404 (GET) /css/main.css
[01m[92m[CP] [0m[WARNING] Endpoint 'dash()' needs to be a async method.
[01m[92m[CP] [0m[ACCESS] 127.0.0.1 | HTTP/1.1 200 (GET) /dash
[01m[92m[CP] [0m[ACCESS] 127.0.0.1 | HTTP/1.1 404 (GET) /css/main.css
[01m[92m[CP] [0m[WARNING] Endpoint 'dash()' needs to be a async method.
[01m[92m[CP] [0m[ACCESS] 127.0.0.1 | HTTP/1.1 200 (GET) /dash
[01m[92m[CP] [0m[ACCESS] 127.0.0.1 | HTTP/1.1 404 (GET) /css/main.css
         

    ██╗    ██╗███████╗██████╗ ███████╗    ██████╗     ██████╗ 
    ██║    ██║██╔════╝██╔══██╗██╔════╝    ╚════██╗   ██╔═████╗
    ██║ █╗ ██║█████╗  ██████╔╝███████╗     █████╔╝   ██║██╔██║
    ██║███╗██║██╔══╝  ██╔══██╗╚════██║    ██╔═══╝    ████╔╝██║
    ╚███╔███╔╝███████╗██████╔╝███████║    ███████╗██╗╚██████╔╝
    ╚══╝╚══╝ ╚══════╝╚═════╝ ╚══════╝    ╚══════╝╚═╝ ╚═════╝ 
                                                      
              
                           
[01m[92m[CP] [0m[INFO] Started logging for server `localhost:2444`...
[01m[92m[CP] [0m[INFO] Starting TCP server...
[01m[92m[CP] [0m[INFO] Started HTTP Web Server on address 'localhost:2444'...
[01m[92m[CP] [0m[WARNING] Endpoint 'dash()' needs to be a async method.
[01m[92m[CP] [0m[ACCESS] 127.0.0.1 | HTTP/1.1 200 (GET) /dash
[01m[92m[CP] [0m[ACCESS] 127.0.0.1 | HTTP/1.1 404 (GET) /css/main.css
[01m[92m[CP] [0m[WARNING] Endpoint 'dash()' needs to be a async method.
[01m[92m[CP] [0m[ACCESS] 127.0.0.1 | HTTP/1.1 200 (GET) /dash
[01m[92m[CP] [0m[ACCESS] 127.0.0.1 | HTTP/1.1 404 (GET) /css/main.css
[01m[92m[CP] [0m[WARNING] Endpoint 'dash()' needs to be a async method.
[01m[92m[CP] [0m[ACCESS] 127.0.0.1 | HTTP/1.1 200 (GET) /dash
[01m[92m[CP] [0m[ACCESS] 127.0.0.1 | HTTP/1.1 404 (GET) /css/main.css
[01m[92m[CP] [0m[ACCESS] 127.0.0.1 | HTTP/1.1 404 (GET) /css/main.css
[01m[92m[CP] [0m[WARNING] Endpoint 'dash()' needs to be a async method.
[01m[92m[CP] [0m[ACCESS] 127.0.0.1 | HTTP/1.1 200 (GET) /dash
[01m[92m[CP] [0m[ACCESS] 127.0.0.1 | HTTP/1.1 404 (GET) /css/main.css
[01m[92m[CP] [0m[WARNING] Endpoint 'dash()' needs to be a async method.
[01m[92m[CP] [0m[ACCESS] 127.0.0.1 | HTTP/1.1 200 (GET) /dash
[01m[92m[CP] [0m[ACCESS] 127.0.0.1 | HTTP/1.1 404 (GET) /css/main.css
[01m[92m[CP] [0m[WARNING] Endpoint 'dash()' needs to be a async method.
[01m[92m[CP] [0m[ACCESS] 127.0.0.1 | HTTP/1.1 200 (GET) /dash
[01m[92m[CP] [0m[ACCESS] 127.0.0.1 | HTTP/1.1 404 (GET) /css/main.css
[01m[92m[CP] [0m[WARNING] Endpoint 'dash()' needs to be a async method.
[01m[92m[CP] [0m[ACCESS] 127.0.0.1 | HTTP/1.1 200 (GET) /dash
[01m[92m[CP] [0m[ACCESS] 127.0.0.1 | HTTP/1.1 404 (GET) /css/main.css
[01m[92m[CP] [0m[WARNING] Endpoint 'dash()' needs to be a async method.
[01m[92m[CP] [0m[ACCESS] 127.0.0.1 | HTTP/1.1 200 (GET) /dash
[01m[92m[CP] [0m[ACCESS] 127.0.0.1 | HTTP/1.1 404 (GET) /css/main.css
[01m[92m[CP] [0m[WARNING] Endpoint 'dash()' needs to be a async method.
[01m[92m[CP] [0m[ACCESS] 127.0.0.1 | HTTP/1.1 200 (GET) /dash
[01m[92m[CP] [0m[ACCESS] 127.0.0.1 | HTTP/1.1 404 (GET) /css/main.css
[01m[92m[CP] [0m[WARNING] Endpoint 'dash()' needs to be a async method.
[01m[92m[CP] [0m[ACCESS] 127.0.0.1 | HTTP/1.1 200 (GET) /dash
[01m[92m[CP] [0m[ACCESS] 127.0.0.1 | HTTP/1.1 404 (GET) /css/main.css
         

    ██╗    ██╗███████╗██████╗ ███████╗    ██████╗     ██████╗ 
    ██║    ██║██╔════╝██╔══██╗██╔════╝    ╚════██╗   ██╔═████╗
    ██║ █╗ ██║█████╗  ██████╔╝███████╗     █████╔╝   ██║██╔██║
    ██║███╗██║██╔══╝  ██╔══██╗╚════██║    ██╔═══╝    ████╔╝██║
    ╚███╔███╔╝███████╗██████╔╝███████║    ███████╗██╗╚██████╔╝
    ╚══╝╚══╝ ╚══════╝╚═════╝ ╚══════╝    ╚══════╝╚═╝ ╚═════╝ 
                                                      
              
                           
[01m[92m[CP] [0m[INFO] Started logging for server `localhost:2444`...
[01m[92m[CP] [0m[INFO] Starting TCP server...
[01m[92m[CP] [0m[INFO] Started HTTP Web Server on address 'localhost:2444'...
[01m[92m[CP] [0m[ACCESS] 127.0.0.1 | HTTP/1.1 200 (GET) /
[01m[92m[CP] [0m[ACCESS] 127.0.0.1 | HTTP/1.1 404 (GET) /favicon.ico
